2022-08-30 11:54:40,365 INFO :: Binance Futures Client Iniciado com sucesso
2022-08-30 11:54:40,368 DEBUG :: Starting new HTTPS connection (1): testnet.binancefuture.com:443
2022-08-30 11:54:41,655 DEBUG :: https://testnet.binancefuture.com:443 "GET /fapi/v1/klines?symbol=BTCUSDT&interval=1h&limit=1000 HTTP/1.1" 200 None
2022-08-30 11:58:04,419 INFO :: Binance Futures Client Iniciado com sucesso
2022-08-30 11:58:28,182 INFO :: Binance Futures Client Iniciado com sucesso
2022-08-30 11:59:27,432 INFO :: Binance Futures Client Iniciado com sucesso
2022-08-30 12:03:54,304 INFO :: Binance Futures Client Iniciado com sucesso
2022-08-30 12:27:39,560 INFO :: Binance Futures Client Iniciado com sucesso
2022-08-30 12:27:39,564 DEBUG :: Starting new HTTPS connection (1): testnet.binancefuture.com:443
2022-08-30 12:27:40,621 DEBUG :: https://testnet.binancefuture.com:443 "GET /fapi/v1/account?timestamp=1661873259561&signature=352ed761e40979ea4d71c1ca8289577a9521d5154877d055a778208fae298b11 HTTP/1.1" 400 88
2022-08-30 12:27:40,626 ERROR :: Erro ao fazer GET pedido para /fapi/v1/account: {'code': -1021, 'msg': "Timestamp for this request was 1000ms ahead of the server's time."} (Erro de código 400)
2022-08-30 12:32:36,967 INFO :: Binance Futures Client Iniciado com sucesso
2022-08-30 12:32:36,970 DEBUG :: Starting new HTTPS connection (1): testnet.binancefuture.com:443
2022-08-30 12:32:38,002 DEBUG :: https://testnet.binancefuture.com:443 "GET /fapi/v1/account?timestamp=1661873556967&signature=1b643d887b31ec55496246b3b0b192145be0a68c860e99e8e022f98ffbc423d5 HTTP/1.1" 400 88
2022-08-30 12:32:38,004 ERROR :: Erro ao fazer GET pedido para /fapi/v1/account: {'code': -1021, 'msg': "Timestamp for this request was 1000ms ahead of the server's time."} (Erro de código 400)
2022-08-30 12:33:09,086 INFO :: Binance Futures Client Iniciado com sucesso
2022-08-30 12:33:09,089 DEBUG :: Starting new HTTPS connection (1): testnet.binancefuture.com:443
2022-08-30 12:33:10,081 DEBUG :: https://testnet.binancefuture.com:443 "GET /fapi/v1/account?timestamp=1661873589086&signature=12dcf4d7315ab990c73a888c39454c9f9c826ae143ea8ef067f5daf3ced1d722 HTTP/1.1" 400 88
2022-08-30 12:33:10,086 ERROR :: Erro ao fazer GET pedido para /fapi/v1/account: {'code': -1021, 'msg': "Timestamp for this request was 1000ms ahead of the server's time."} (Erro de código 400)
2022-08-30 12:39:32,830 INFO :: Binance Futures Client Iniciado com sucesso
2022-08-30 12:39:32,833 DEBUG :: Starting new HTTPS connection (1): testnet.binancefuture.com:443
2022-08-30 12:39:33,372 DEBUG :: https://testnet.binancefuture.com:443 "GET /fapi/v1/account?timestamp=1661873972831&signature=616fbbee1355943464943223d090fb8a68edf5b87372ef5a8ea9dc1976a2d8e0 HTTP/1.1" 400 88
2022-08-30 12:39:33,374 ERROR :: Erro ao fazer GET pedido para /fapi/v1/account: {'code': -1021, 'msg': "Timestamp for this request was 1000ms ahead of the server's time."} (Erro de código 400)
2022-08-30 12:40:38,533 INFO :: Binance Futures Client Iniciado com sucesso
2022-08-30 12:40:38,537 DEBUG :: Starting new HTTPS connection (1): testnet.binancefuture.com:443
2022-08-30 12:40:39,063 DEBUG :: https://testnet.binancefuture.com:443 "GET /fapi/v1/account?timestamp=166187403853&signature=80bc94c3df144cceea05500c7e518bd62b4cbde335b86c61ed03b48a4a9e09c0 HTTP/1.1" 400 79
2022-08-30 12:40:39,065 ERROR :: Erro ao fazer GET pedido para /fapi/v1/account: {'code': -1021, 'msg': 'Timestamp for this request is outside of the recvWindow.'} (Erro de código 400)
2022-08-30 12:42:47,340 INFO :: Binance Futures Client Iniciado com sucesso
2022-08-30 12:42:47,343 DEBUG :: Starting new HTTPS connection (1): testnet.binancefuture.com:443
2022-08-30 12:42:48,417 DEBUG :: https://testnet.binancefuture.com:443 "GET /fapi/v1/account?updateTime=1661874167340&signature=b0eedd19a65ba98fd4ba17649b9bcf51e1326ec9ed6ecf5b87a1c0ca8ac4a913 HTTP/1.1" 400 98
2022-08-30 12:42:48,422 ERROR :: Erro ao fazer GET pedido para /fapi/v1/account: {'code': -1102, 'msg': "Mandatory parameter 'timestamp' was not sent, was empty/null, or malformed."} (Erro de código 400)
2022-08-30 12:43:05,291 INFO :: Binance Futures Client Iniciado com sucesso
2022-08-30 12:43:05,294 DEBUG :: Starting new HTTPS connection (1): testnet.binancefuture.com:443
2022-08-30 12:43:06,300 DEBUG :: https://testnet.binancefuture.com:443 "GET /fapi/v1/account?timestamp=1661874185292&signature=37ac851e454b5ba76a8482eee576f01accade5e7d6c22077579d5344e5ddda1f HTTP/1.1" 400 88
2022-08-30 12:43:06,305 ERROR :: Erro ao fazer GET pedido para /fapi/v1/account: {'code': -1021, 'msg': "Timestamp for this request was 1000ms ahead of the server's time."} (Erro de código 400)
2022-08-30 12:45:19,385 INFO :: Binance Futures Client Iniciado com sucesso
2022-08-30 12:45:19,389 DEBUG :: Starting new HTTPS connection (1): testnet.binancefuture.com:443
2022-08-30 12:45:19,899 DEBUG :: https://testnet.binancefuture.com:443 "GET /fapi/v1/account?timestamp=1661874319386&signature=82df30be4c268bc37d656c0d590c4cb6b802e5857f5767670598f16180276924 HTTP/1.1" 400 88
2022-08-30 12:45:19,900 ERROR :: Erro ao fazer GET pedido para /fapi/v1/account: {'code': -1021, 'msg': "Timestamp for this request was 1000ms ahead of the server's time."} (Erro de código 400)
2022-08-30 12:50:15,225 INFO :: Binance Futures Client Iniciado com sucesso
2022-08-30 12:50:15,228 DEBUG :: Starting new HTTPS connection (1): testnet.binancefuture.com:443
2022-08-30 12:50:16,324 DEBUG :: https://testnet.binancefuture.com:443 "GET /fapi/v2/account?timestamp=1661874615225&signature=0e12b38a0108ac5e2253f86c930992625bb958ff4ceb8ad3443d3b42e1ad5569 HTTP/1.1" 400 88
2022-08-30 12:50:16,328 ERROR :: Erro ao fazer GET pedido para /fapi/v2/account: {'code': -1021, 'msg': "Timestamp for this request was 1000ms ahead of the server's time."} (Erro de código 400)
2022-08-30 12:50:32,797 INFO :: Binance Futures Client Iniciado com sucesso
2022-08-30 12:50:32,801 DEBUG :: Starting new HTTPS connection (1): testnet.binancefuture.com:443
2022-08-30 12:50:33,839 DEBUG :: https://testnet.binancefuture.com:443 "GET /fapi/v2/account%20?timestamp=1661874632797&signature=a190a4f6fa43283b185c3c2dc1653a80eeba1997e0f1797c08252cb754a5eb21 HTTP/1.1" 404 None
2022-08-30 12:50:39,248 INFO :: Binance Futures Client Iniciado com sucesso
2022-08-30 12:50:39,251 DEBUG :: Starting new HTTPS connection (1): testnet.binancefuture.com:443
2022-08-30 12:50:40,309 DEBUG :: https://testnet.binancefuture.com:443 "GET /fapi/v2/account?timestamp=1661874639248&signature=7252cede632a04511a2e47e37b4bff80c6096c7407af4194f9f7b8346cd4f3cd HTTP/1.1" 400 88
2022-08-30 12:50:40,310 ERROR :: Erro ao fazer GET pedido para /fapi/v2/account: {'code': -1021, 'msg': "Timestamp for this request was 1000ms ahead of the server's time."} (Erro de código 400)
2022-08-30 12:51:11,160 INFO :: Binance Futures Client Iniciado com sucesso
2022-08-30 12:51:11,165 DEBUG :: Starting new HTTPS connection (1): testnet.binancefuture.com:443
2022-08-30 12:51:12,162 DEBUG :: https://testnet.binancefuture.com:443 "GET /fapi/v2/account?timestamp=1625474304765&signature=3674b7dd0a4fd00131a25758c5831b1aa817d4bbec4d93bb66f1fc2dff7102c7 HTTP/1.1" 400 79
2022-08-30 12:51:12,164 ERROR :: Erro ao fazer GET pedido para /fapi/v2/account: {'code': -1021, 'msg': 'Timestamp for this request is outside of the recvWindow.'} (Erro de código 400)
2022-08-30 12:55:51,448 INFO :: Binance Futures Client Iniciado com sucesso
2022-08-30 12:56:02,540 INFO :: Binance Futures Client Iniciado com sucesso
2022-08-30 12:56:02,543 DEBUG :: Starting new HTTPS connection (1): testnet.binancefuture.com:443
2022-08-30 12:56:03,652 DEBUG :: https://testnet.binancefuture.com:443 "GET /fapi/v2/account?timestamp=2022-08-30&signature=9a5b6332cf4815ecb204f61d374a7f8e7d135e50f5cca8f73f4bcb62241a49e8 HTTP/1.1" 400 98
2022-08-30 12:56:03,653 ERROR :: Erro ao fazer GET pedido para /fapi/v2/account: {'code': -1102, 'msg': "Mandatory parameter 'timestamp' was not sent, was empty/null, or malformed."} (Erro de código 400)
2022-08-30 12:56:10,388 INFO :: Binance Futures Client Iniciado com sucesso
2022-08-30 12:57:08,039 INFO :: Binance Futures Client Iniciado com sucesso
2022-08-30 12:57:08,042 DEBUG :: Starting new HTTPS connection (1): testnet.binancefuture.com:443
2022-08-30 12:57:09,069 DEBUG :: https://testnet.binancefuture.com:443 "GET /fapi/v2/account?timestamp=2022-08-30+12%3A57%3A08.039279&signature=4fbbcd79892b4e77f80a7638d0e58a065b6851fa7656eefe1092ca81180ad948 HTTP/1.1" 400 98
2022-08-30 12:57:09,070 ERROR :: Erro ao fazer GET pedido para /fapi/v2/account: {'code': -1102, 'msg': "Mandatory parameter 'timestamp' was not sent, was empty/null, or malformed."} (Erro de código 400)
2022-08-30 12:57:22,333 INFO :: Binance Futures Client Iniciado com sucesso
2022-08-30 12:57:22,337 DEBUG :: Starting new HTTPS connection (1): testnet.binancefuture.com:443
2022-08-30 12:57:23,314 DEBUG :: https://testnet.binancefuture.com:443 "GET /fapi/v2/account?timestamp=2022-08-30+12%3A57%3A22.334593&signature=c58a87f461e56958f4367b05c4c8327b1d4dcf9d4973a3e3af3cb5ee2636b7f9 HTTP/1.1" 400 98
2022-08-30 12:57:23,320 ERROR :: Erro ao fazer GET pedido para /fapi/v2/account: {'code': -1102, 'msg': "Mandatory parameter 'timestamp' was not sent, was empty/null, or malformed."} (Erro de código 400)
2022-08-30 12:57:46,429 INFO :: Binance Futures Client Iniciado com sucesso
2022-08-30 12:58:02,164 INFO :: Binance Futures Client Iniciado com sucesso
2022-08-30 12:58:09,659 INFO :: Binance Futures Client Iniciado com sucesso
2022-08-30 12:58:10,816 INFO :: Binance Futures Client Iniciado com sucesso
2022-08-30 12:58:13,047 INFO :: Binance Futures Client Iniciado com sucesso
2022-08-30 12:58:24,066 INFO :: Binance Futures Client Iniciado com sucesso
2022-08-30 12:58:24,070 DEBUG :: Starting new HTTPS connection (1): testnet.binancefuture.com:443
2022-08-30 12:58:25,095 DEBUG :: https://testnet.binancefuture.com:443 "GET /fapi/v2/account?timestamp=2022-08-30+12%3A58%3A24.067011&signature=167822afdb83e0671e39dbbbe254b933a4784289aa493c5172e6184f570d04f5 HTTP/1.1" 400 98
2022-08-30 12:58:25,100 ERROR :: Erro ao fazer GET pedido para /fapi/v2/account: {'code': -1102, 'msg': "Mandatory parameter 'timestamp' was not sent, was empty/null, or malformed."} (Erro de código 400)
2022-08-30 13:05:15,657 INFO :: Binance Futures Client Iniciado com sucesso
2022-08-30 13:05:15,660 DEBUG :: Starting new HTTPS connection (1): testnet.binancefuture.com:443
2022-08-30 13:05:16,715 DEBUG :: https://testnet.binancefuture.com:443 "GET /fapi/v2/account?timestamp=1661875515&signature=e64c0abcb15081edd97017dfcbdef00beafedf49ea83688bcf15695346e37cfe HTTP/1.1" 400 79
2022-08-30 13:05:16,721 ERROR :: Erro ao fazer GET pedido para /fapi/v2/account: {'code': -1021, 'msg': 'Timestamp for this request is outside of the recvWindow.'} (Erro de código 400)
2022-08-30 13:05:33,008 INFO :: Binance Futures Client Iniciado com sucesso
2022-08-30 13:05:47,915 INFO :: Binance Futures Client Iniciado com sucesso
2022-08-30 13:06:19,967 INFO :: Binance Futures Client Iniciado com sucesso
2022-08-30 13:06:19,971 DEBUG :: Starting new HTTPS connection (1): testnet.binancefuture.com:443
2022-08-30 13:06:20,491 DEBUG :: https://testnet.binancefuture.com:443 "GET /fapi/v2/account?timestamp=1661875579968&signature=9de02888136a19dea1f1d770996880a339cf8cf7078ab38cbfaa9f238d373536 HTTP/1.1" 400 88
2022-08-30 13:06:20,492 ERROR :: Erro ao fazer GET pedido para /fapi/v2/account: {'code': -1021, 'msg': "Timestamp for this request was 1000ms ahead of the server's time."} (Erro de código 400)
2022-08-30 13:09:26,078 INFO :: Binance Futures Client Iniciado com sucesso
2022-08-30 13:09:26,082 DEBUG :: Starting new HTTPS connection (1): testnet.binancefuture.com:443
2022-08-30 13:09:27,147 DEBUG :: https://testnet.binancefuture.com:443 "GET /fapi/v2/account?timestamp=1661875766079&signature=bcaf5bbcc6a95d318e141abce9bcbf688cdc600bfb30b2aad3c4d14e7234cbb4 HTTP/1.1" 400 88
2022-08-30 13:09:27,148 ERROR :: Erro ao fazer GET pedido para /fapi/v2/account: {'code': -1021, 'msg': "Timestamp for this request was 1000ms ahead of the server's time."} (Erro de código 400)
2022-08-30 13:10:48,451 INFO :: Binance Futures Client Iniciado com sucesso
2022-08-30 13:10:48,454 DEBUG :: Starting new HTTPS connection (1): testnet.binancefuture.com:443
2022-08-30 13:10:49,476 DEBUG :: https://testnet.binancefuture.com:443 "GET /fapi/v2/account?timestamp=1661875848451&signature=86e005de76aeeed13dc917e0f2f1896f6da28a20e88319eb9ca85bc11220ac54 HTTP/1.1" 400 88
2022-08-30 13:10:49,478 ERROR :: Erro ao fazer GET pedido para /fapi/v2/account: {'code': -1021, 'msg': "Timestamp for this request was 1000ms ahead of the server's time."} (Erro de código 400)
2022-08-30 14:10:18,337 INFO :: Binance Futures Client Iniciado com sucesso
2022-08-30 14:10:18,341 DEBUG :: Starting new HTTPS connection (1): testnet.binancefuture.com:443
2022-08-30 14:10:19,402 DEBUG :: https://testnet.binancefuture.com:443 "GET /fapi/v2/account?timestamp=1661879418000&signature=1655d0de429d46873714553d555852cd974c19b72ddd39737bc8b3409e96b284 HTTP/1.1" 400 88
2022-08-30 14:10:19,407 ERROR :: Erro ao fazer GET pedido para /fapi/v2/account: {'code': -1021, 'msg': "Timestamp for this request was 1000ms ahead of the server's time."} (Erro de código 400)
2022-08-30 14:10:49,595 INFO :: Binance Futures Client Iniciado com sucesso
2022-08-30 14:10:49,600 DEBUG :: Starting new HTTPS connection (1): testnet.binancefuture.com:443
2022-08-30 14:10:50,069 DEBUG :: https://testnet.binancefuture.com:443 "GET /fapi/v2/account?timestamp=1661879437312&signature=70d6ad733bccb906a6f57ef338a9e4ea53b41b924b2e5910301889238fc7fa9f HTTP/1.1" 400 79
2022-08-30 14:10:50,074 ERROR :: Erro ao fazer GET pedido para /fapi/v2/account: {'code': -1021, 'msg': 'Timestamp for this request is outside of the recvWindow.'} (Erro de código 400)
2022-08-30 14:11:09,914 INFO :: Binance Futures Client Iniciado com sucesso
2022-08-30 14:11:09,918 DEBUG :: Starting new HTTPS connection (1): testnet.binancefuture.com:443
2022-08-30 14:11:10,458 DEBUG :: https://testnet.binancefuture.com:443 "GET /fapi/v1/account?timestamp=1661879437312&signature=70d6ad733bccb906a6f57ef338a9e4ea53b41b924b2e5910301889238fc7fa9f HTTP/1.1" 400 79
2022-08-30 14:11:10,462 ERROR :: Erro ao fazer GET pedido para /fapi/v1/account: {'code': -1021, 'msg': 'Timestamp for this request is outside of the recvWindow.'} (Erro de código 400)
2022-08-30 14:11:24,183 INFO :: Binance Futures Client Iniciado com sucesso
2022-08-30 14:11:24,186 DEBUG :: Starting new HTTPS connection (1): testnet.binancefuture.com:443
2022-08-30 14:11:25,361 DEBUG :: https://testnet.binancefuture.com:443 "GET /fapi/v1/account?timestamp=1661879484000&signature=e4c3bb4a7d8c972f43067c7b01b2160d4fb96fcac9f99244250bb3448dbd17e3 HTTP/1.1" 400 88
2022-08-30 14:11:25,362 ERROR :: Erro ao fazer GET pedido para /fapi/v1/account: {'code': -1021, 'msg': "Timestamp for this request was 1000ms ahead of the server's time."} (Erro de código 400)
2022-08-30 14:17:12,066 INFO :: Binance Futures Client Iniciado com sucesso
2022-08-30 14:17:12,069 DEBUG :: Starting new HTTPS connection (1): api.binance.com:443
2022-08-30 14:17:12,466 DEBUG :: https://api.binance.com:443 "GET /api/v1/time HTTP/1.1" 200 28
2022-08-30 14:17:12,469 DEBUG :: Starting new HTTPS connection (1): testnet.binancefuture.com:443
2022-08-30 14:17:13,485 DEBUG :: https://testnet.binancefuture.com:443 "GET /fapi/v1/account?timestamp=1661879829543&signature=96b46b2e3e0938af64da0b2576cf41028a44f2d513ba0a24ada5b2c8dac33829 HTTP/1.1" 200 None
2022-08-30 14:19:09,827 INFO :: Binance Futures Client Iniciado com sucesso
2022-08-30 14:19:09,831 DEBUG :: Starting new HTTPS connection (1): api.binance.com:443
2022-08-30 14:19:10,245 DEBUG :: https://api.binance.com:443 "GET /api/v1/time HTTP/1.1" 200 28
2022-08-30 14:19:10,254 DEBUG :: Starting new HTTPS connection (1): testnet.binancefuture.com:443
2022-08-30 14:19:11,263 DEBUG :: https://testnet.binancefuture.com:443 "GET /fapi/v1/account?timestamp=1661879947316&signature=842db39a1802a842a1462facd78f84b9f72d72067cbe8d3d71912837db2c69dc HTTP/1.1" 200 None
2022-08-30 14:20:25,308 INFO :: Binance Futures Client Iniciado com sucesso
2022-08-30 14:20:25,311 DEBUG :: Starting new HTTPS connection (1): api.binance.com:443
2022-08-30 14:20:25,830 DEBUG :: https://api.binance.com:443 "GET /api/v1/time HTTP/1.1" 200 28
2022-08-30 14:20:25,833 DEBUG :: Starting new HTTPS connection (1): testnet.binancefuture.com:443
2022-08-30 14:20:26,866 DEBUG :: https://testnet.binancefuture.com:443 "GET /fapi/v1/account?timestamp=1661880022895&signature=1262c9d971421cf48f0e34801c7a3a94a79bb886d4523eb83566b96ad05794e8 HTTP/1.1" 200 None
2022-08-30 14:40:13,256 INFO :: Binance Futures Client Iniciado com sucesso
2022-08-30 14:40:13,263 DEBUG :: Starting new HTTPS connection (1): api.binance.com:443
2022-08-30 14:40:13,725 DEBUG :: https://api.binance.com:443 "GET /api/v1/time HTTP/1.1" 200 28
2022-08-30 14:40:13,737 DEBUG :: Starting new HTTPS connection (1): testnet.binancefuture.com:443
2022-08-30 14:40:14,824 DEBUG :: https://testnet.binancefuture.com:443 "GET /fapi/v1/account?timestamp=1661881210718&signature=be4387e489dcb83a4906c949a14606fbf82bd097b9fb3df7a320e61979eda311 HTTP/1.1" 200 None
2022-08-30 14:40:14,845 DEBUG :: Starting new HTTPS connection (1): api.binance.com:443
2022-08-30 14:40:15,248 DEBUG :: https://api.binance.com:443 "GET /api/v1/time HTTP/1.1" 200 28
2022-08-30 14:40:15,259 DEBUG :: Starting new HTTPS connection (1): testnet.binancefuture.com:443
2022-08-30 14:40:16,202 DEBUG :: https://testnet.binancefuture.com:443 "POST /fapi/v1/order?symbol=BTCUSD&side=BUY&quantity=0.01&type=LIMIT&price=20000&timeInForce=GTC&timestamp=1661881212243&signature=68eedcd637221e7abe723da53a87d474cbe8690c4d92358d1e2e58c8a242641c HTTP/1.1" 400 38
2022-08-30 14:40:16,208 ERROR :: Erro ao fazer POST pedido para /fapi/v1/order: {'code': -1121, 'msg': 'Invalid symbol.'} (Erro de código 400)
2022-08-30 14:40:16,214 DEBUG :: Starting new HTTPS connection (1): api.binance.com:443
2022-08-30 14:40:16,601 DEBUG :: https://api.binance.com:443 "GET /api/v1/time HTTP/1.1" 200 28
2022-08-30 14:40:16,612 DEBUG :: Starting new HTTPS connection (1): testnet.binancefuture.com:443
2022-08-30 14:40:17,593 DEBUG :: https://testnet.binancefuture.com:443 "GET /fapi/v1/account?timestamp=1661881213594&signature=f30a141428d80f6360f3a25a47d130849c67bcbd9a906b8f92b774247b395152 HTTP/1.1" 200 None
2022-08-30 14:40:48,628 INFO :: Binance Futures Client Iniciado com sucesso
2022-08-30 14:40:48,632 DEBUG :: Starting new HTTPS connection (1): api.binance.com:443
2022-08-30 14:40:49,807 DEBUG :: https://api.binance.com:443 "GET /api/v1/time HTTP/1.1" 200 28
2022-08-30 14:40:49,813 DEBUG :: Starting new HTTPS connection (1): testnet.binancefuture.com:443
2022-08-30 14:40:50,737 DEBUG :: https://testnet.binancefuture.com:443 "POST /fapi/v1/order?symbol=BTCUSD&side=BUY&quantity=0.01&type=LIMIT&price=20000&timeInForce=GTC&timestamp=1661881246797&signature=e71bcf1e8600012d1260f0ceac5956b254de862fdce42741a9391b8bdbec2f93 HTTP/1.1" 400 38
2022-08-30 14:40:50,743 ERROR :: Erro ao fazer POST pedido para /fapi/v1/order: {'code': -1121, 'msg': 'Invalid symbol.'} (Erro de código 400)
2022-08-30 14:41:04,268 INFO :: Binance Futures Client Iniciado com sucesso
2022-08-30 14:41:04,271 DEBUG :: Starting new HTTPS connection (1): api.binance.com:443
2022-08-30 14:41:04,714 DEBUG :: https://api.binance.com:443 "GET /api/v1/time HTTP/1.1" 200 28
2022-08-30 14:41:04,725 DEBUG :: Starting new HTTPS connection (1): testnet.binancefuture.com:443
2022-08-30 14:41:05,633 DEBUG :: https://testnet.binancefuture.com:443 "POST /fapi/v1/order?symbol=BTCUSDT&side=BUY&quantity=0.01&type=LIMIT&price=20000&timeInForce=GTC&timestamp=1661881261703&signature=e2fff09995c1930b9b317f4a0dcca310ac5327ff8514513787fc08da50f0d926 HTTP/1.1" 200 None
2022-08-30 14:45:44,191 INFO :: Binance Futures Client Iniciado com sucesso
2022-08-30 14:45:44,196 DEBUG :: Starting new HTTPS connection (1): api.binance.com:443
2022-08-30 14:45:44,659 DEBUG :: https://api.binance.com:443 "GET /api/v1/time HTTP/1.1" 200 28
2022-08-30 14:45:44,662 DEBUG :: Starting new HTTPS connection (1): testnet.binancefuture.com:443
2022-08-30 14:45:45,638 DEBUG :: https://testnet.binancefuture.com:443 "DELETE /fapi/v1/order?orderId=3205707577&symbol=BTCUSDT&timestamp=1661881541634&signature=82bceb2aec37c9a11f0259f9a918d4bc3aae51018921dbafaa1979720ec3b30d HTTP/1.1" 400 42
2022-08-30 14:45:45,640 ERROR :: Erro ao fazer DELETE pedido para /fapi/v1/order: {'code': -2011, 'msg': 'Unknown order sent.'} (Erro de código 400)
2022-08-30 14:45:53,785 INFO :: Binance Futures Client Iniciado com sucesso
2022-08-30 14:45:53,790 DEBUG :: Starting new HTTPS connection (1): api.binance.com:443
2022-08-30 14:45:54,234 DEBUG :: https://api.binance.com:443 "GET /api/v1/time HTTP/1.1" 200 28
2022-08-30 14:45:54,240 DEBUG :: Starting new HTTPS connection (1): testnet.binancefuture.com:443
2022-08-30 14:45:55,161 DEBUG :: https://testnet.binancefuture.com:443 "DELETE /fapi/v1/order?orderId=3205707577&symbol=BTCUSDT&timestamp=1661881551207&signature=ac853b05d8d9b4afc726b7f9f977ef91fb3affdc611ad1144ffb4d01e49a67dd HTTP/1.1" 400 42
2022-08-30 14:45:55,166 ERROR :: Erro ao fazer DELETE pedido para /fapi/v1/order: {'code': -2011, 'msg': 'Unknown order sent.'} (Erro de código 400)
2022-08-30 14:48:01,198 INFO :: Binance Futures Client Iniciado com sucesso
2022-08-30 14:48:01,201 DEBUG :: Starting new HTTPS connection (1): api.binance.com:443
2022-08-30 14:48:01,643 DEBUG :: https://api.binance.com:443 "GET /api/v1/time HTTP/1.1" 200 28
2022-08-30 14:48:01,653 DEBUG :: Starting new HTTPS connection (1): testnet.binancefuture.com:443
2022-08-30 14:48:02,684 DEBUG :: https://testnet.binancefuture.com:443 "GET /fapi/v1/order?timestamp=1661881678607&symbol=BTCUSDT&orderId=3205707577&signature=39f91c87020be9ab0f6c22a37ec38a3430cf4cfc9564307b73b119d5c8e4ec2c HTTP/1.1" 200 None
2022-08-30 14:48:19,433 INFO :: Binance Futures Client Iniciado com sucesso
2022-08-30 14:48:19,437 DEBUG :: Starting new HTTPS connection (1): api.binance.com:443
2022-08-30 14:48:19,852 DEBUG :: https://api.binance.com:443 "GET /api/v1/time HTTP/1.1" 200 28
2022-08-30 14:48:19,858 DEBUG :: Starting new HTTPS connection (1): testnet.binancefuture.com:443
2022-08-30 14:48:20,774 DEBUG :: https://testnet.binancefuture.com:443 "DELETE /fapi/v1/order?orderId=3205707577&symbol=BTCUSDT&timestamp=1661881696815&signature=d9364a71c172a5aebf80f2736b925f2eaed0ea2ebf4392d926bcc31f6886253d HTTP/1.1" 400 42
2022-08-30 14:48:20,776 ERROR :: Erro ao fazer DELETE pedido para /fapi/v1/order: {'code': -2011, 'msg': 'Unknown order sent.'} (Erro de código 400)
2022-08-30 14:50:15,629 INFO :: Binance Futures Client Iniciado com sucesso
2022-08-30 14:50:15,631 DEBUG :: Starting new HTTPS connection (1): api.binance.com:443
2022-08-30 14:50:16,126 DEBUG :: https://api.binance.com:443 "GET /api/v1/time HTTP/1.1" 200 28
2022-08-30 14:50:16,137 DEBUG :: Starting new HTTPS connection (1): testnet.binancefuture.com:443
2022-08-30 14:50:17,109 DEBUG :: https://testnet.binancefuture.com:443 "DELETE /fapi/v1/order?orderId=3205707577&symbol=BTCUSDT&timestamp=1661881813084&signature=0fe43226f4bc198a84daa9fd1ccf04da2a40d9aa20904a49936ae7f257a918d8 HTTP/1.1" 400 42
2022-08-30 14:50:17,110 ERROR :: Erro ao fazer DELETE pedido para /fapi/v1/order: {'code': -2011, 'msg': 'Unknown order sent.'} (Erro de código 400)
2022-08-30 14:51:40,842 INFO :: Binance Futures Client Iniciado com sucesso
2022-08-30 14:51:40,846 DEBUG :: Starting new HTTPS connection (1): testnet.binancefuture.com:443
2022-08-30 14:51:41,824 DEBUG :: https://testnet.binancefuture.com:443 "DELETE /fapi/v1/order?orderId=3205707577&symbol=BTCUSDT&timestamp=1661881900843&signature=bcac3a818eb2f4873d9c813ade5e269b2a8e1af9a0920368c2ae50707fe4aa87 HTTP/1.1" 400 88
2022-08-30 14:51:41,825 ERROR :: Erro ao fazer DELETE pedido para /fapi/v1/order: {'code': -1021, 'msg': "Timestamp for this request was 1000ms ahead of the server's time."} (Erro de código 400)
2022-08-30 14:52:03,421 INFO :: Binance Futures Client Iniciado com sucesso
2022-08-30 14:52:03,424 DEBUG :: Starting new HTTPS connection (1): api.binance.com:443
2022-08-30 14:52:03,880 DEBUG :: https://api.binance.com:443 "GET /api/v1/time HTTP/1.1" 200 28
2022-08-30 14:52:03,887 DEBUG :: Starting new HTTPS connection (1): testnet.binancefuture.com:443
2022-08-30 14:52:04,798 DEBUG :: https://testnet.binancefuture.com:443 "DELETE /fapi/v1/order?orderId=3205707577&symbol=BTCUSDT&timestamp=1661881920831&signature=caf75cf6b6418ee6801dc9dc909c4af426b204b317331b37bc5da6bd82ae0744 HTTP/1.1" 400 42
2022-08-30 14:52:04,804 ERROR :: Erro ao fazer DELETE pedido para /fapi/v1/order: {'code': -2011, 'msg': 'Unknown order sent.'} (Erro de código 400)
2022-08-30 14:52:46,759 INFO :: Binance Futures Client Iniciado com sucesso
2022-08-30 14:52:46,763 DEBUG :: Starting new HTTPS connection (1): api.binance.com:443
2022-08-30 14:52:47,173 DEBUG :: https://api.binance.com:443 "GET /api/v1/time HTTP/1.1" 200 28
2022-08-30 14:52:47,176 DEBUG :: Starting new HTTPS connection (1): testnet.binancefuture.com:443
2022-08-30 14:52:48,146 DEBUG :: https://testnet.binancefuture.com:443 "DELETE /fapi/v1/order?orderId=3205707577&symbol=BTCUSDT&timestamp=1661881964121&signature=7a61823e72d9f50bb3ed85d65401264aa5e3780be27fecd8c4a8315acc41f817 HTTP/1.1" 400 42
2022-08-30 14:52:48,152 ERROR :: Erro ao fazer DELETE pedido para /fapi/v1/order: {'code': -2011, 'msg': 'Unknown order sent.'} (Erro de código 400)
2022-08-30 14:53:01,345 INFO :: Binance Futures Client Iniciado com sucesso
2022-08-30 14:53:01,348 DEBUG :: Starting new HTTPS connection (1): api.binance.com:443
2022-08-30 14:53:01,745 DEBUG :: https://api.binance.com:443 "GET /api/v1/time HTTP/1.1" 200 28
2022-08-30 14:53:01,756 DEBUG :: Starting new HTTPS connection (1): testnet.binancefuture.com:443
2022-08-30 14:53:02,674 DEBUG :: https://testnet.binancefuture.com:443 "DELETE /fapi/v1/order?orderId=3205707577&symbol=BTCUSDT&timestamp=1661881978692&signature=f4697c7484eecdb59b03f90a2bf319dbe5edd63d362d118258e2e380688a1550 HTTP/1.1" 400 42
2022-08-30 14:53:02,676 ERROR :: Erro ao fazer DELETE pedido para /fapi/v1/order: {'code': -2011, 'msg': 'Unknown order sent.'} (Erro de código 400)
2022-08-30 14:53:33,910 INFO :: Binance Futures Client Iniciado com sucesso
2022-08-30 14:53:33,913 DEBUG :: Starting new HTTPS connection (1): api.binance.com:443
2022-08-30 14:53:34,348 DEBUG :: https://api.binance.com:443 "GET /api/v1/time HTTP/1.1" 200 28
2022-08-30 14:53:34,351 DEBUG :: Starting new HTTPS connection (1): testnet.binancefuture.com:443
2022-08-30 14:53:35,262 DEBUG :: https://testnet.binancefuture.com:443 "DELETE /fapi/v1/order?orderId=3205707577&symbol=BTCUSDT&timestamp=1661882011293&signature=dff17e1dfaaf1723214e58433718c4e0abbffc61465b2016bae6f200aa31db32 HTTP/1.1" 400 42
2022-08-30 14:53:35,265 ERROR :: Erro ao fazer DELETE pedido para /fapi/v1/order: {'code': -2011, 'msg': 'Unknown order sent.'} (Erro de código 400)
2022-08-30 14:56:34,682 INFO :: Binance Futures Client Iniciado com sucesso
2022-08-30 14:56:34,685 DEBUG :: Starting new HTTPS connection (1): api.binance.com:443
2022-08-30 14:56:35,153 DEBUG :: https://api.binance.com:443 "GET /api/v1/time HTTP/1.1" 200 28
2022-08-30 14:56:35,155 DEBUG :: Starting new HTTPS connection (1): testnet.binancefuture.com:443
2022-08-30 14:56:36,315 DEBUG :: https://testnet.binancefuture.com:443 "GET /fapi/v1/order?timestamp=1661882192087&symbol=BTCUSDT&orderId=3205707577&signature=d9506b937b94fd5e34d97a18966480ae959006ea843b54fb7f94464aa7ed4cdb HTTP/1.1" 200 None
2022-08-30 14:57:02,981 INFO :: Binance Futures Client Iniciado com sucesso
2022-08-30 14:57:02,984 DEBUG :: Starting new HTTPS connection (1): api.binance.com:443
2022-08-30 14:57:04,160 DEBUG :: https://api.binance.com:443 "GET /api/v1/time HTTP/1.1" 200 28
2022-08-30 14:57:04,168 DEBUG :: Starting new HTTPS connection (1): testnet.binancefuture.com:443
2022-08-30 14:57:05,087 DEBUG :: https://testnet.binancefuture.com:443 "POST /fapi/v1/order?symbol=BTCUSDT&side=BUY&quantity=0.01&type=LIMIT&price=20000&timeInForce=GTC&timestamp=1661882221094&signature=49c204314a7433517e47b314bf879f89b7c93ce5baef1958fb8180a6749ebd53 HTTP/1.1" 200 None
2022-08-30 14:57:22,168 INFO :: Binance Futures Client Iniciado com sucesso
2022-08-30 14:57:22,172 DEBUG :: Starting new HTTPS connection (1): api.binance.com:443
2022-08-30 14:57:22,579 DEBUG :: https://api.binance.com:443 "GET /api/v1/time HTTP/1.1" 200 28
2022-08-30 14:57:22,581 DEBUG :: Starting new HTTPS connection (1): testnet.binancefuture.com:443
2022-08-30 14:57:23,545 DEBUG :: https://testnet.binancefuture.com:443 "GET /fapi/v1/order?timestamp=1661882239509&symbol=BTCUSDT&orderId=3205713227&signature=a8965935e66785c5e760120391c9e52739bf303eaec2f50e0f42b0df62cc76ba HTTP/1.1" 200 None
2022-08-30 14:57:36,749 INFO :: Binance Futures Client Iniciado com sucesso
2022-08-30 14:57:36,752 DEBUG :: Starting new HTTPS connection (1): api.binance.com:443
2022-08-30 14:57:37,221 DEBUG :: https://api.binance.com:443 "GET /api/v1/time HTTP/1.1" 200 28
2022-08-30 14:57:37,223 DEBUG :: Starting new HTTPS connection (1): testnet.binancefuture.com:443
2022-08-30 14:57:38,243 DEBUG :: https://testnet.binancefuture.com:443 "GET /fapi/v1/order?timestamp=1661882254151&symbol=BTCUSDT&orderId=3205713227&signature=3e662639f898d6fee58d354333da283da7df2669bdddcc1b5ac122c06309beeb HTTP/1.1" 200 None
2022-08-30 14:57:38,250 DEBUG :: Starting new HTTPS connection (1): api.binance.com:443
2022-08-30 14:57:38,635 DEBUG :: https://api.binance.com:443 "GET /api/v1/time HTTP/1.1" 200 28
2022-08-30 14:57:38,646 DEBUG :: Starting new HTTPS connection (1): testnet.binancefuture.com:443
2022-08-30 14:57:39,564 DEBUG :: https://testnet.binancefuture.com:443 "DELETE /fapi/v1/order?orderId=3205713227&symbol=BTCUSDT&timestamp=1661882255567&signature=900f767d04c0d890d3d4001ac777379782fb5817d3804999002583976f04df51 HTTP/1.1" 400 42
2022-08-30 14:57:39,565 ERROR :: Erro ao fazer DELETE pedido para /fapi/v1/order: {'code': -2011, 'msg': 'Unknown order sent.'} (Erro de código 400)
2022-08-30 14:58:16,256 INFO :: Binance Futures Client Iniciado com sucesso
2022-08-30 14:58:16,260 DEBUG :: Starting new HTTPS connection (1): api.binance.com:443
2022-08-30 14:58:16,666 DEBUG :: https://api.binance.com:443 "GET /api/v1/time HTTP/1.1" 200 28
2022-08-30 14:58:16,672 DEBUG :: Starting new HTTPS connection (1): testnet.binancefuture.com:443
2022-08-30 14:58:17,640 DEBUG :: https://testnet.binancefuture.com:443 "GET /fapi/v1/order?timestamp=1661882293594&symbol=BTCUSDT&orderId=3205713227&signature=4803ef4f2c58db56ca80c3fbde92eaf58652f37d3486c1ab53547307ffa1ab00 HTTP/1.1" 200 None
2022-08-30 14:58:17,643 DEBUG :: Starting new HTTPS connection (1): api.binance.com:443
2022-08-30 14:58:18,020 DEBUG :: https://api.binance.com:443 "GET /api/v1/time HTTP/1.1" 200 28
2022-08-30 14:58:18,030 DEBUG :: Starting new HTTPS connection (1): testnet.binancefuture.com:443
2022-08-30 14:58:19,013 DEBUG :: https://testnet.binancefuture.com:443 "DELETE /fapi/v2/order?orderId=3205713227&symbol=BTCUSDT&timestamp=1661882294951&signature=bfddd6cad66884cc87dcb6ca50f6fbac4942ef440e90d208d857192dfccdd3da HTTP/1.1" 404 None
2022-08-30 14:59:25,339 INFO :: Binance Futures Client Iniciado com sucesso
2022-08-30 14:59:25,343 DEBUG :: Starting new HTTPS connection (1): api.binance.com:443
2022-08-30 14:59:25,803 DEBUG :: https://api.binance.com:443 "GET /api/v1/time HTTP/1.1" 200 28
2022-08-30 14:59:25,805 DEBUG :: Starting new HTTPS connection (1): testnet.binancefuture.com:443
2022-08-30 14:59:26,850 DEBUG :: https://testnet.binancefuture.com:443 "GET /fapi/v1/order?timestamp=1661882362727&symbol=BTCUSDT&orderId=3205713227&signature=de6b142a6920b193bd85349954f0682b4c3df6812ce32866dee43518162820c4 HTTP/1.1" 200 None
2022-08-30 14:59:26,856 DEBUG :: Starting new HTTPS connection (1): api.binance.com:443
2022-08-30 14:59:27,243 DEBUG :: https://api.binance.com:443 "GET /api/v1/time HTTP/1.1" 200 28
2022-08-30 14:59:27,245 DEBUG :: Starting new HTTPS connection (1): testnet.binancefuture.com:443
2022-08-30 14:59:28,176 DEBUG :: https://testnet.binancefuture.com:443 "DELETE /fapi/v1/batchOrders?orderId=3205713227&symbol=BTCUSDT&timestamp=1661882364166&signature=4e37532b811fe6cc4ba11313dc51bc4f1c8b01a3c1e9311b850cfe3a79581d47 HTTP/1.1" 400 109
2022-08-30 14:59:28,178 ERROR :: Erro ao fazer DELETE pedido para /fapi/v1/batchOrders: {'code': -1102, 'msg': "Param 'orderIdList' or 'origClientOrderIdList' must be sent, but both were empty/null!"} (Erro de código 400)
2022-08-30 15:00:02,582 INFO :: Binance Futures Client Iniciado com sucesso
2022-08-30 15:00:02,584 DEBUG :: Starting new HTTPS connection (1): api.binance.com:443
2022-08-30 15:00:02,985 DEBUG :: https://api.binance.com:443 "GET /api/v1/time HTTP/1.1" 200 28
2022-08-30 15:00:02,990 DEBUG :: Starting new HTTPS connection (1): testnet.binancefuture.com:443
2022-08-30 15:00:03,605 DEBUG :: https://testnet.binancefuture.com:443 "GET /fapi/v1/order?timestamp=1661882399907&symbol=BTCUSDT&orderId=3205713227&signature=a419461b51d17bd1d07fcb0fca1aad61580b6af079c5dd089d96f3e0314fefd1 HTTP/1.1" 200 None
2022-08-30 15:00:03,611 DEBUG :: Starting new HTTPS connection (1): api.binance.com:443
2022-08-30 15:00:04,003 DEBUG :: https://api.binance.com:443 "GET /api/v1/time HTTP/1.1" 200 28
2022-08-30 15:00:04,008 DEBUG :: Starting new HTTPS connection (1): testnet.binancefuture.com:443
2022-08-30 15:00:05,037 DEBUG :: https://testnet.binancefuture.com:443 "DELETE /fapi/v1/allOpenOrders%20?orderId=3205713227&symbol=BTCUSDT&timestamp=1661882400926&signature=f735c49ec3c50ae0c9049c9d6d5afab660b1f877c390ea9fc0ba1ccaa18c79b4 HTTP/1.1" 404 None
2022-08-30 15:00:15,872 INFO :: Binance Futures Client Iniciado com sucesso
2022-08-30 15:00:15,876 DEBUG :: Starting new HTTPS connection (1): api.binance.com:443
2022-08-30 15:00:16,269 DEBUG :: https://api.binance.com:443 "GET /api/v1/time HTTP/1.1" 200 28
2022-08-30 15:00:16,280 DEBUG :: Starting new HTTPS connection (1): testnet.binancefuture.com:443
2022-08-30 15:00:17,254 DEBUG :: https://testnet.binancefuture.com:443 "GET /fapi/v1/order?timestamp=1661882413190&symbol=BTCUSDT&orderId=3205713227&signature=e5852f218c558cf72db6be545935f20c819da6b0bc1da3a3fcd3894f1fdb9e15 HTTP/1.1" 200 None
2022-08-30 15:00:17,258 DEBUG :: Starting new HTTPS connection (1): api.binance.com:443
2022-08-30 15:00:17,673 DEBUG :: https://api.binance.com:443 "GET /api/v1/time HTTP/1.1" 200 28
2022-08-30 15:00:17,678 DEBUG :: Starting new HTTPS connection (1): testnet.binancefuture.com:443
2022-08-30 15:00:18,092 DEBUG :: https://testnet.binancefuture.com:443 "DELETE /fapi/v1/allOpenOrders?orderId=3205713227&symbol=BTCUSDT&timestamp=1661882414594&signature=60a7a5bc89fc343e334b28ae06cfe6f3c295c55a0a85fda6bb19d6e1ec0a34db HTTP/1.1" 200 None
2022-08-30 15:02:24,833 INFO :: Binance Futures Client Iniciado com sucesso
2022-08-30 15:02:24,836 DEBUG :: Starting new HTTPS connection (1): api.binance.com:443
2022-08-30 15:02:25,320 DEBUG :: https://api.binance.com:443 "GET /api/v1/time HTTP/1.1" 200 28
2022-08-30 15:02:25,329 DEBUG :: Starting new HTTPS connection (1): testnet.binancefuture.com:443
2022-08-30 15:02:26,335 DEBUG :: https://testnet.binancefuture.com:443 "POST /fapi/v1/order?symbol=BTCUSDT&side=BUY&quantity=0.01&type=LIMIT&price=19685.2&timeInForce=GTC&timestamp=1661882542226&signature=42d93852a0f2ae926d411f407436a80c21fdad9b2d853da1fb622961cf3358e1 HTTP/1.1" 200 None
2022-08-30 15:07:16,463 INFO :: Binance Futures Client Iniciado com sucesso
2022-08-30 15:07:16,466 DEBUG :: Starting new HTTPS connection (1): api.binance.com:443
2022-08-30 15:07:16,915 DEBUG :: https://api.binance.com:443 "GET /api/v1/time HTTP/1.1" 200 28
2022-08-30 15:07:16,918 DEBUG :: Starting new HTTPS connection (1): testnet.binancefuture.com:443
2022-08-30 15:07:17,894 DEBUG :: https://testnet.binancefuture.com:443 "POST /fapi/v1/order?symbol=BTCUSDT&side=BUY&quantity=0.01&type=LIMIT&price=19710.2&timeInForce=GTC&timestamp=1661882833810&signature=2b9015e6e1c33aad931bf384efce9ad352798b02efd515566abcba8cc0427d49 HTTP/1.1" 200 None
2022-08-30 15:07:17,897 DEBUG :: Starting new HTTPS connection (1): api.binance.com:443
2022-08-30 15:07:18,296 DEBUG :: https://api.binance.com:443 "GET /api/v1/time HTTP/1.1" 200 28
2022-08-30 15:07:18,299 DEBUG :: Starting new HTTPS connection (1): testnet.binancefuture.com:443
2022-08-30 15:07:18,796 DEBUG :: https://testnet.binancefuture.com:443 "GET /fapi/v1/order?timestamp=1661882835186&symbol=BTCUSDT&orderId=3205715059&signature=fb29b4a4640e354c63c0add522f7b53b08d7c9bf9ec2e89317e0fbe702b0929a HTTP/1.1" 200 None
2022-08-30 15:07:18,800 DEBUG :: Starting new HTTPS connection (1): api.binance.com:443
2022-08-30 15:07:19,192 DEBUG :: https://api.binance.com:443 "GET /api/v1/time HTTP/1.1" 200 28
2022-08-30 15:07:19,196 DEBUG :: Starting new HTTPS connection (1): testnet.binancefuture.com:443
2022-08-30 15:07:19,624 DEBUG :: https://testnet.binancefuture.com:443 "DELETE /fapi/v1/order?orderId=3205715059&symbol=BTCUSDT&timestamp=1661882836089&signature=892fb896cb9cf12d6d7f2fd9b8ff883e1425e55391ef4f82b820af2847b03ddb HTTP/1.1" 400 42
2022-08-30 15:07:19,630 ERROR :: Erro ao fazer DELETE pedido para /fapi/v1/order: {'code': -2011, 'msg': 'Unknown order sent.'} (Erro de código 400)
2022-08-30 15:08:08,976 INFO :: Binance Futures Client Iniciado com sucesso
2022-08-30 15:08:08,980 DEBUG :: Starting new HTTPS connection (1): api.binance.com:443
2022-08-30 15:08:10,189 DEBUG :: https://api.binance.com:443 "GET /api/v1/time HTTP/1.1" 200 28
2022-08-30 15:08:10,201 DEBUG :: Starting new HTTPS connection (1): testnet.binancefuture.com:443
2022-08-30 15:08:11,120 DEBUG :: https://testnet.binancefuture.com:443 "POST /fapi/v1/order?symbol=BTCUSDT&side=BUY&quantity=0.01&type=LIMIT&price=19695&timeInForce=GTC&timestamp=1661882887081&signature=d5a6f52cddf27144d1e82da966a23e8b9c50e23c2cb456c2cac2b158b80d6591 HTTP/1.1" 200 None
2022-08-30 15:08:11,123 DEBUG :: Starting new HTTPS connection (1): api.binance.com:443
2022-08-30 15:08:11,508 DEBUG :: https://api.binance.com:443 "GET /api/v1/time HTTP/1.1" 200 28
2022-08-30 15:08:11,512 DEBUG :: Starting new HTTPS connection (1): testnet.binancefuture.com:443
2022-08-30 15:08:12,493 DEBUG :: https://testnet.binancefuture.com:443 "GET /fapi/v1/order?timestamp=1661882888400&symbol=BTCUSDT&orderId=3205715059&signature=c4421e4122335a90635c2a3e3de6e6121f99eafe273230723fc71b3b38cfd081 HTTP/1.1" 200 None
2022-08-30 15:08:40,002 INFO :: Binance Futures Client Iniciado com sucesso
2022-08-30 15:08:40,005 DEBUG :: Starting new HTTPS connection (1): api.binance.com:443
2022-08-30 15:08:40,467 DEBUG :: https://api.binance.com:443 "GET /api/v1/time HTTP/1.1" 200 28
2022-08-30 15:08:40,471 DEBUG :: Starting new HTTPS connection (1): testnet.binancefuture.com:443
2022-08-30 15:08:41,438 DEBUG :: https://testnet.binancefuture.com:443 "POST /fapi/v1/order?symbol=BTCUSDT&side=BUY&quantity=0.01&type=LIMIT&price=19695&timeInForce=GTC&timestamp=1661882917357&signature=db7a2d28cd336f62ea571bd4642b0f8a42e88d0f2b405c2da236a2eafff97c4d HTTP/1.1" 200 None
2022-08-30 15:08:41,441 DEBUG :: Starting new HTTPS connection (1): api.binance.com:443
2022-08-30 15:08:41,832 DEBUG :: https://api.binance.com:443 "GET /api/v1/time HTTP/1.1" 200 28
2022-08-30 15:08:41,843 DEBUG :: Starting new HTTPS connection (1): testnet.binancefuture.com:443
2022-08-30 15:08:42,826 DEBUG :: https://testnet.binancefuture.com:443 "GET /fapi/v1/order?timestamp=1661882918721&symbol=BTCUSDT&orderId=3205715059&signature=7459d2f3d2b210ea38cbb59e585d32625128726cf47ce95090a187fe037bdbc6 HTTP/1.1" 200 None
2022-08-30 15:09:19,486 INFO :: Binance Futures Client Iniciado com sucesso
2022-08-30 15:09:19,489 DEBUG :: Starting new HTTPS connection (1): api.binance.com:443
2022-08-30 15:09:19,904 DEBUG :: https://api.binance.com:443 "GET /api/v1/time HTTP/1.1" 200 28
2022-08-30 15:09:19,906 DEBUG :: Starting new HTTPS connection (1): testnet.binancefuture.com:443
2022-08-30 15:09:20,878 DEBUG :: https://testnet.binancefuture.com:443 "GET /fapi/v1/order?timestamp=1661882956792&symbol=BTCUSDT&orderId=3205715059&signature=33122b60768b0f6c92b76d71d4169727fff80a777fbe682a75cd45a200e4ef8d HTTP/1.1" 200 None
2022-08-30 15:09:20,885 DEBUG :: Starting new HTTPS connection (1): api.binance.com:443
2022-08-30 15:09:22,031 DEBUG :: https://api.binance.com:443 "GET /api/v1/time HTTP/1.1" 200 28
2022-08-30 15:09:22,037 DEBUG :: Starting new HTTPS connection (1): testnet.binancefuture.com:443
2022-08-30 15:09:22,949 DEBUG :: https://testnet.binancefuture.com:443 "DELETE /fapi/v1/order?orderId=3205715059&symbol=BTCUSDT&timestamp=1661882958919&signature=443e941737aa105c034ea7e80ae118d0abbe245d88ae0875d3576197dbf59b6c HTTP/1.1" 400 42
2022-08-30 15:09:22,954 ERROR :: Erro ao fazer DELETE pedido para /fapi/v1/order: {'code': -2011, 'msg': 'Unknown order sent.'} (Erro de código 400)
2022-08-30 15:12:04,515 INFO :: Binance Futures Client Iniciado com sucesso
2022-08-30 15:12:04,519 DEBUG :: Starting new HTTPS connection (1): api.binance.com:443
2022-08-30 15:12:04,979 DEBUG :: https://api.binance.com:443 "GET /api/v1/time HTTP/1.1" 200 28
2022-08-30 15:12:04,985 DEBUG :: Starting new HTTPS connection (1): testnet.binancefuture.com:443
2022-08-30 15:12:05,968 DEBUG :: https://testnet.binancefuture.com:443 "POST /fapi/v1/order?symbol=BTCUSDT&side=BUY&quantity=0.01&type=LIMIT&price=19700.0&timeInForce=GTC&timestamp=1661883121857&signature=45c503ef5445ae8d5449fc9e077ffcb1ba4bf6da6f550a66a9f7387d40bcdf7a HTTP/1.1" 200 None
2022-08-30 15:12:20,929 INFO :: Binance Futures Client Iniciado com sucesso
2022-08-30 15:12:20,933 DEBUG :: Starting new HTTPS connection (1): api.binance.com:443
2022-08-30 15:12:21,413 DEBUG :: https://api.binance.com:443 "GET /api/v1/time HTTP/1.1" 200 28
2022-08-30 15:12:21,416 DEBUG :: Starting new HTTPS connection (1): testnet.binancefuture.com:443
2022-08-30 15:12:22,370 DEBUG :: https://testnet.binancefuture.com:443 "DELETE /fapi/v1/order?orderId=3205718486&symbol=BTCUSDT&timestamp=1661883138291&signature=91ec617521e823a5022d45eac6969bec3e8fa249f99aed441b8f871750a596b4 HTTP/1.1" 200 None
2022-08-30 15:12:38,252 INFO :: Binance Futures Client Iniciado com sucesso
2022-08-30 15:12:38,256 DEBUG :: Starting new HTTPS connection (1): api.binance.com:443
2022-08-30 15:12:38,653 DEBUG :: https://api.binance.com:443 "GET /api/v1/time HTTP/1.1" 200 28
2022-08-30 15:12:38,661 DEBUG :: Starting new HTTPS connection (1): testnet.binancefuture.com:443
2022-08-30 15:12:39,597 DEBUG :: https://testnet.binancefuture.com:443 "POST /fapi/v1/order?symbol=BTCUSDT&side=BUY&quantity=0.01&type=LIMIT&price=19700.0&timeInForce=GTC&timestamp=1661883155527&signature=49759cf7c7189c9fbbf4f429a89ce3a775587be078d73b5986aa805ae702785b HTTP/1.1" 200 None
2022-08-30 15:13:08,937 INFO :: Binance Futures Client Iniciado com sucesso
2022-08-30 15:13:08,940 DEBUG :: Starting new HTTPS connection (1): api.binance.com:443
2022-08-30 15:13:09,431 DEBUG :: https://api.binance.com:443 "GET /api/v1/time HTTP/1.1" 200 28
2022-08-30 15:13:09,434 DEBUG :: Starting new HTTPS connection (1): testnet.binancefuture.com:443
2022-08-30 15:13:10,422 DEBUG :: https://testnet.binancefuture.com:443 "DELETE /fapi/v1/order?orderId=3205718668&symbol=BTCUSDT&timestamp=1661883186308&signature=2cc5de8bf4c05ca9cd58446030be3e588899d5a88910acf93131f884b2c0f263 HTTP/1.1" 200 None
2022-08-30 15:39:37,288 INFO :: Binance Futures Client Iniciado com sucesso
2022-08-30 15:39:38,950 INFO :: Binance conexão aberta
2022-08-30 15:41:23,175 INFO :: Binance Futures Client Iniciado com sucesso
2022-08-30 15:41:24,837 INFO :: Binance conexão aberta
2022-08-30 15:44:12,652 INFO :: Binance Futures Client Iniciado com sucesso
2022-08-30 15:44:14,297 INFO :: Binance conexão aberta
2022-08-30 16:01:40,617 INFO :: Binance Futures Client Iniciado com sucesso
2022-08-30 16:01:42,325 INFO :: Binance conexão aberta
2022-08-30 16:03:55,854 INFO :: Binance Futures Client Iniciado com sucesso
2022-08-30 16:03:57,519 INFO :: Binance conexão aberta
2022-08-30 16:21:51,344 INFO :: Binance Futures Client Iniciado com sucesso
2022-08-30 16:21:52,968 INFO :: Binance conexão aberta
2022-08-30 16:23:34,922 INFO :: Binance Futures Client Iniciado com sucesso
2022-08-30 16:23:36,568 INFO :: Binance conexão aberta
2022-08-30 23:47:47,581 INFO :: Binance Futures Client Iniciado com sucesso
2022-08-30 23:47:49,422 INFO :: Binance conexão aberta
2022-08-30 23:48:02,375 INFO :: Binance Futures Client Iniciado com sucesso
2022-08-30 23:48:04,021 INFO :: Binance conexão aberta
2022-08-30 23:48:14,565 INFO :: Binance Futures Client Iniciado com sucesso
2022-08-30 23:48:16,200 INFO :: Binance conexão aberta
2022-08-30 23:50:53,760 INFO :: Binance Futures Client Iniciado com sucesso
2022-08-30 23:50:55,438 INFO :: Binance conexão aberta
2022-08-30 23:53:24,212 INFO :: Binance Futures Client Iniciado com sucesso
2022-08-30 23:53:25,835 INFO :: Binance conexão aberta
2022-08-30 23:53:43,031 INFO :: Binance Futures Client Iniciado com sucesso
2022-08-30 23:53:44,660 INFO :: Binance conexão aberta
2022-08-30 23:54:01,195 INFO :: Binance Futures Client Iniciado com sucesso
2022-08-30 23:54:02,830 INFO :: Binance conexão aberta
2022-08-30 23:54:54,388 INFO :: Binance Futures Client Iniciado com sucesso
2022-08-30 23:54:56,029 INFO :: Binance conexão aberta
2022-08-30 23:55:09,512 INFO :: Binance Futures Client Iniciado com sucesso
2022-08-30 23:55:11,137 INFO :: Binance conexão aberta
2022-08-30 23:55:54,491 INFO :: Binance Futures Client Iniciado com sucesso
2022-08-30 23:55:56,126 INFO :: Binance conexão aberta
2022-08-30 23:56:10,038 INFO :: Binance Futures Client Iniciado com sucesso
2022-08-30 23:56:11,678 INFO :: Binance conexão aberta
2022-08-30 23:56:33,730 INFO :: Binance Futures Client Iniciado com sucesso
2022-08-30 23:56:35,364 INFO :: Binance conexão aberta
2022-08-30 23:58:36,061 INFO :: Binance Futures Client Iniciado com sucesso
2022-08-30 23:58:36,065 DEBUG :: Starting new HTTPS connection (1): api.binance.com:443
2022-08-30 23:58:36,562 DEBUG :: https://api.binance.com:443 "GET /api/v1/time HTTP/1.1" 200 28
2022-08-30 23:58:36,567 DEBUG :: Starting new HTTPS connection (1): testnet.binancefuture.com:443
2022-08-30 23:58:37,576 DEBUG :: https://testnet.binancefuture.com:443 "GET /fapi/v1/account?timestamp=1661914716044&signature=dfd8ba88268ccb3e7065439a98618131baad16240bedd3c7c94540e862818ec3 HTTP/1.1" 200 None
2022-08-30 23:58:37,730 INFO :: Binance conexão aberta
2022-08-30 23:59:47,734 INFO :: Binance Futures Client Iniciado com sucesso
2022-08-30 23:59:47,738 DEBUG :: Starting new HTTPS connection (1): api.binance.com:443
2022-08-30 23:59:48,240 DEBUG :: https://api.binance.com:443 "GET /api/v1/time HTTP/1.1" 200 28
2022-08-30 23:59:48,242 DEBUG :: Starting new HTTPS connection (1): testnet.binancefuture.com:443
2022-08-30 23:59:49,266 DEBUG :: https://testnet.binancefuture.com:443 "GET /fapi/v1/account?timestamp=1661914787731&signature=9c54b458a1fca5f46d773ec6516162a3365256293bf95b88877ead1cfee79b2d HTTP/1.1" 200 None
2022-08-30 23:59:49,360 INFO :: Binance conexão aberta
2022-08-31 00:01:07,296 INFO :: Binance Futures Client Iniciado com sucesso
2022-08-31 00:01:08,914 INFO :: Binance conexão aberta
2022-08-31 00:01:25,061 INFO :: Binance Futures Client Iniciado com sucesso
2022-08-31 00:01:25,066 DEBUG :: Starting new HTTPS connection (1): api.binance.com:443
2022-08-31 00:01:25,534 DEBUG :: https://api.binance.com:443 "GET /api/v1/time HTTP/1.1" 200 28
2022-08-31 00:01:25,545 DEBUG :: Starting new HTTPS connection (1): testnet.binancefuture.com:443
2022-08-31 00:01:26,611 DEBUG :: https://testnet.binancefuture.com:443 "GET /fapi/v1/account?timestamp=1661914885019&signature=1a387a062995490df46af30477990a4e61fcd3db6e6899b9ff5b27ec5d820de2 HTTP/1.1" 200 None
2022-08-31 00:01:26,678 INFO :: Binance conexão aberta
2022-08-31 00:01:26,681 DEBUG :: Starting new HTTPS connection (1): api.binance.com:443
2022-08-31 00:01:27,112 DEBUG :: https://api.binance.com:443 "GET /api/v1/time HTTP/1.1" 200 28
2022-08-31 00:01:27,116 DEBUG :: Starting new HTTPS connection (1): testnet.binancefuture.com:443
2022-08-31 00:01:28,083 DEBUG :: https://testnet.binancefuture.com:443 "GET /fapi/v1/account?timestamp=1661914886596&signature=6324347d8e4b0805f3e8e4a39483da4924ca4609ddd9d0e6fec29b2c8d2c8e22 HTTP/1.1" 200 None
2022-08-31 00:01:52,107 INFO :: Binance Futures Client Iniciado com sucesso
2022-08-31 00:01:52,111 DEBUG :: Starting new HTTPS connection (1): api.binance.com:443
2022-08-31 00:01:52,545 DEBUG :: https://api.binance.com:443 "GET /api/v1/time HTTP/1.1" 200 28
2022-08-31 00:01:52,549 DEBUG :: Starting new HTTPS connection (1): testnet.binancefuture.com:443
2022-08-31 00:01:53,525 DEBUG :: https://testnet.binancefuture.com:443 "GET /fapi/v1/account?timestamp=1661914912027&signature=3ded9a08470a86001d00b00ee1280958796cb05788ca22b6e1f9e8b0412abaea HTTP/1.1" 200 None
2022-08-31 00:01:53,590 DEBUG :: Starting new HTTPS connection (1): api.binance.com:443
2022-08-31 00:01:53,690 INFO :: Binance conexão aberta
2022-08-31 00:01:54,008 DEBUG :: https://api.binance.com:443 "GET /api/v1/time HTTP/1.1" 200 28
2022-08-31 00:01:54,011 DEBUG :: Starting new HTTPS connection (1): testnet.binancefuture.com:443
2022-08-31 00:01:54,973 DEBUG :: https://testnet.binancefuture.com:443 "GET /fapi/v1/account?timestamp=1661914913489&signature=6e2e766bfb7e0da53eb2a7537e9cc3677f0685911e188662463aa29b6c3d6f7e HTTP/1.1" 200 None
2022-08-31 00:02:15,561 INFO :: Binance Futures Client Iniciado com sucesso
2022-08-31 00:02:15,565 DEBUG :: Starting new HTTPS connection (1): api.binance.com:443
2022-08-31 00:02:15,991 DEBUG :: https://api.binance.com:443 "GET /api/v1/time HTTP/1.1" 200 28
2022-08-31 00:02:16,009 DEBUG :: Starting new HTTPS connection (1): testnet.binancefuture.com:443
2022-08-31 00:02:16,973 DEBUG :: https://testnet.binancefuture.com:443 "GET /fapi/v1/account?timestamp=1661914935471&signature=7eff9feaa6fbe958b84680738786f2dc46746fe3a7a76d830464c083eeb9b5af HTTP/1.1" 200 None
2022-08-31 00:02:17,047 DEBUG :: Starting new HTTPS connection (1): api.binance.com:443
2022-08-31 00:02:17,184 INFO :: Binance conexão aberta
2022-08-31 00:02:17,462 DEBUG :: https://api.binance.com:443 "GET /api/v1/time HTTP/1.1" 200 28
2022-08-31 00:02:17,472 DEBUG :: Starting new HTTPS connection (1): testnet.binancefuture.com:443
2022-08-31 00:02:18,457 DEBUG :: https://testnet.binancefuture.com:443 "GET /fapi/v1/account?timestamp=1661914936944&signature=b730b89e949e0b45e03932e3d055acdaeeaa149b69fee98f2e304e1d5232ac58 HTTP/1.1" 200 None
2022-08-31 00:03:09,087 INFO :: Binance Futures Client Iniciado com sucesso
2022-08-31 00:03:09,090 DEBUG :: Starting new HTTPS connection (1): api.binance.com:443
2022-08-31 00:03:09,573 DEBUG :: https://api.binance.com:443 "GET /api/v1/time HTTP/1.1" 200 28
2022-08-31 00:03:09,578 DEBUG :: Starting new HTTPS connection (1): testnet.binancefuture.com:443
2022-08-31 00:03:10,601 DEBUG :: https://testnet.binancefuture.com:443 "GET /fapi/v1/account?timestamp=1661914989052&signature=26e353b97e083140318cefb307e3f6ce44268796f4023aa0799c943b1203e651 HTTP/1.1" 200 None
2022-08-31 00:03:10,666 INFO :: Binance conexão aberta
2022-08-31 00:03:18,484 INFO :: Binance Futures Client Iniciado com sucesso
2022-08-31 00:03:18,489 DEBUG :: Starting new HTTPS connection (1): api.binance.com:443
2022-08-31 00:03:18,932 DEBUG :: https://api.binance.com:443 "GET /api/v1/time HTTP/1.1" 200 28
2022-08-31 00:03:18,934 DEBUG :: Starting new HTTPS connection (1): testnet.binancefuture.com:443
2022-08-31 00:03:19,910 DEBUG :: https://testnet.binancefuture.com:443 "GET /fapi/v1/account?timestamp=1661914998402&signature=7b4684010557c6a407f930a155d07d01fac778d890602f3010e58f2967463a2e HTTP/1.1" 200 None
2022-08-31 00:03:19,973 DEBUG :: Starting new HTTPS connection (1): api.binance.com:443
2022-08-31 00:03:20,093 INFO :: Binance conexão aberta
2022-08-31 00:03:20,385 DEBUG :: https://api.binance.com:443 "GET /api/v1/time HTTP/1.1" 200 28
2022-08-31 00:03:20,390 DEBUG :: Starting new HTTPS connection (1): testnet.binancefuture.com:443
2022-08-31 00:03:21,369 DEBUG :: https://testnet.binancefuture.com:443 "GET /fapi/v1/account?timestamp=1661914999863&signature=5b3e33a2be141db8ad7fbd7a34861365e9f34106490c77563d9c1dabc2d3c37a HTTP/1.1" 200 None
2022-08-31 00:05:27,000 INFO :: Binance Futures Client Iniciado com sucesso
2022-08-31 00:05:27,060 DEBUG :: Starting new HTTPS connection (1): api.binance.com:443
2022-08-31 00:05:27,540 DEBUG :: https://api.binance.com:443 "GET /api/v1/time HTTP/1.1" 200 28
2022-08-31 00:05:27,546 DEBUG :: Starting new HTTPS connection (1): testnet.binancefuture.com:443
2022-08-31 00:05:28,622 DEBUG :: https://testnet.binancefuture.com:443 "GET /fapi/v1/account?timestamp=1661915127008&signature=8f759c75a75fecf21845807062087731084334e0f52d903f19befab03e3bd08d HTTP/1.1" 200 None
2022-08-31 00:05:28,628 DEBUG :: Starting new HTTPS connection (1): api.binance.com:443
2022-08-31 00:05:28,632 INFO :: Binance conexão aberta
2022-08-31 00:05:29,045 DEBUG :: https://api.binance.com:443 "GET /api/v1/time HTTP/1.1" 200 28
2022-08-31 00:05:29,047 DEBUG :: Starting new HTTPS connection (1): testnet.binancefuture.com:443
2022-08-31 00:05:30,015 DEBUG :: https://testnet.binancefuture.com:443 "GET /fapi/v1/account?timestamp=1661915128515&signature=3f10d683d859b57958243705f2e9c5a458120bdafce6a9252c6872fca5152b12 HTTP/1.1" 200 None
2022-08-31 00:06:07,827 INFO :: Binance Futures Client Iniciado com sucesso
2022-08-31 00:06:07,886 DEBUG :: Starting new HTTPS connection (1): api.binance.com:443
2022-08-31 00:06:08,327 DEBUG :: https://api.binance.com:443 "GET /api/v1/time HTTP/1.1" 200 28
2022-08-31 00:06:08,331 DEBUG :: Starting new HTTPS connection (1): testnet.binancefuture.com:443
2022-08-31 00:06:09,284 DEBUG :: https://testnet.binancefuture.com:443 "GET /fapi/v1/account?timestamp=1661915167795&signature=00eb05658856ab140f2adf67d38e9a28f283b12312e545f73d00c53f7ed705c0 HTTP/1.1" 200 None
2022-08-31 00:06:09,287 DEBUG :: Starting new HTTPS connection (1): api.binance.com:443
2022-08-31 00:06:09,462 INFO :: Binance conexão aberta
2022-08-31 00:06:09,701 DEBUG :: https://api.binance.com:443 "GET /api/v1/time HTTP/1.1" 200 28
2022-08-31 00:06:09,704 DEBUG :: Starting new HTTPS connection (1): testnet.binancefuture.com:443
2022-08-31 00:06:10,667 DEBUG :: https://testnet.binancefuture.com:443 "GET /fapi/v1/account?timestamp=1661915169170&signature=64c481417c68abe835348703202767bbc5c8c5794a8d19f773ffcd3b40494e2c HTTP/1.1" 200 None
2022-08-31 00:06:34,338 INFO :: Binance Futures Client Iniciado com sucesso
2022-08-31 00:06:34,401 DEBUG :: Starting new HTTPS connection (1): api.binance.com:443
2022-08-31 00:06:34,863 DEBUG :: https://api.binance.com:443 "GET /api/v1/time HTTP/1.1" 200 28
2022-08-31 00:06:34,866 DEBUG :: Starting new HTTPS connection (1): testnet.binancefuture.com:443
2022-08-31 00:06:35,918 DEBUG :: https://testnet.binancefuture.com:443 "GET /fapi/v1/account?timestamp=1661915194327&signature=f526605c346650e59c3a9fec17897ddb3a17b90b266c89123d7b2b596606f0c0 HTTP/1.1" 200 None
2022-08-31 00:06:35,960 INFO :: Binance conexão aberta
2022-08-31 00:07:02,452 INFO :: Binance Futures Client Iniciado com sucesso
2022-08-31 00:07:02,513 DEBUG :: Starting new HTTPS connection (1): api.binance.com:443
2022-08-31 00:07:03,758 DEBUG :: https://api.binance.com:443 "GET /api/v1/time HTTP/1.1" 200 28
2022-08-31 00:07:03,768 DEBUG :: Starting new HTTPS connection (1): testnet.binancefuture.com:443
2022-08-31 00:07:04,079 INFO :: Binance conexão aberta
2022-08-31 00:07:04,742 DEBUG :: https://testnet.binancefuture.com:443 "GET /fapi/v1/account?timestamp=1661915223220&signature=d05a0bec69b47f4e603796a0004b784633ea4b55994d05f4c89dac2a4b72b91c HTTP/1.1" 200 None
2022-08-31 00:07:04,745 DEBUG :: Starting new HTTPS connection (1): api.binance.com:443
2022-08-31 00:07:05,166 DEBUG :: https://api.binance.com:443 "GET /api/v1/time HTTP/1.1" 200 28
2022-08-31 00:07:05,171 DEBUG :: Starting new HTTPS connection (1): testnet.binancefuture.com:443
2022-08-31 00:07:06,180 DEBUG :: https://testnet.binancefuture.com:443 "GET /fapi/v1/account?timestamp=1661915224631&signature=aec7bcc3531969e3cada40123bf2242f50eb23c231710c63d979a007a2cfe3f6 HTTP/1.1" 200 None
2022-08-31 00:07:41,332 INFO :: Binance Futures Client Iniciado com sucesso
2022-08-31 00:07:41,390 DEBUG :: Starting new HTTPS connection (1): api.binance.com:443
2022-08-31 00:07:41,872 DEBUG :: https://api.binance.com:443 "GET /api/v1/time HTTP/1.1" 200 28
2022-08-31 00:07:41,875 DEBUG :: Starting new HTTPS connection (1): testnet.binancefuture.com:443
2022-08-31 00:07:42,883 DEBUG :: https://testnet.binancefuture.com:443 "GET /fapi/v1/account?timestamp=1661915261335&signature=64c3c2c1a7e7063f13c77a2b4cd0e0c1fb3f2bc251b3ce297a2ef5f435e8020a HTTP/1.1" 200 None
2022-08-31 00:07:42,886 DEBUG :: Starting new HTTPS connection (1): api.binance.com:443
2022-08-31 00:07:42,949 INFO :: Binance conexão aberta
2022-08-31 00:07:43,318 DEBUG :: https://api.binance.com:443 "GET /api/v1/time HTTP/1.1" 200 28
2022-08-31 00:07:43,320 DEBUG :: Starting new HTTPS connection (1): testnet.binancefuture.com:443
2022-08-31 00:07:44,288 DEBUG :: https://testnet.binancefuture.com:443 "GET /fapi/v1/account?timestamp=1661915262780&signature=2c5b031138d890007e2aae569eae433501ca654d8aef25816f2b694eee9abd55 HTTP/1.1" 200 None
2022-08-31 00:07:59,572 INFO :: Binance Futures Client Iniciado com sucesso
2022-08-31 00:07:59,629 DEBUG :: Starting new HTTPS connection (1): api.binance.com:443
2022-08-31 00:08:00,064 DEBUG :: https://api.binance.com:443 "GET /api/v1/time HTTP/1.1" 200 28
2022-08-31 00:08:00,069 DEBUG :: Starting new HTTPS connection (1): testnet.binancefuture.com:443
2022-08-31 00:08:01,055 DEBUG :: https://testnet.binancefuture.com:443 "GET /fapi/v1/account?timestamp=1661915279524&signature=a3ac0b38496ef8ceda7ce0ed0142a10a9080b8ad3d05e31589937f2ee82bb313 HTTP/1.1" 200 None
2022-08-31 00:08:01,187 INFO :: Binance conexão aberta
2022-08-31 00:08:17,821 INFO :: Binance Futures Client Iniciado com sucesso
2022-08-31 00:08:17,877 DEBUG :: Starting new HTTPS connection (1): api.binance.com:443
2022-08-31 00:08:18,339 DEBUG :: https://api.binance.com:443 "GET /api/v1/time HTTP/1.1" 200 28
2022-08-31 00:08:18,341 DEBUG :: Starting new HTTPS connection (1): testnet.binancefuture.com:443
2022-08-31 00:08:19,299 DEBUG :: https://testnet.binancefuture.com:443 "GET /fapi/v1/account?timestamp=1661915297799&signature=9b4850996ea824127cdad0763c9cc8a3fd50d47200de475a0cb0401b05a1fc0c HTTP/1.1" 200 None
2022-08-31 00:08:19,458 INFO :: Binance conexão aberta
2022-08-31 00:10:49,809 INFO :: Binance Futures Client Iniciado com sucesso
2022-08-31 00:10:49,871 DEBUG :: Starting new HTTPS connection (1): api.binance.com:443
2022-08-31 00:10:50,332 DEBUG :: https://api.binance.com:443 "GET /api/v1/time HTTP/1.1" 200 28
2022-08-31 00:10:50,335 DEBUG :: Starting new HTTPS connection (1): testnet.binancefuture.com:443
2022-08-31 00:10:51,408 DEBUG :: https://testnet.binancefuture.com:443 "GET /fapi/v1/account?timestamp=1661915449783&signature=c3db3041633862497de6fde75a42bae8729c8a469ac476ee9ccdcac8bb327d04 HTTP/1.1" 200 None
2022-08-31 00:10:51,411 DEBUG :: Starting new HTTPS connection (1): api.binance.com:443
2022-08-31 00:10:51,448 INFO :: Binance conexão aberta
2022-08-31 00:10:51,843 DEBUG :: https://api.binance.com:443 "GET /api/v1/time HTTP/1.1" 200 28
2022-08-31 00:10:51,845 DEBUG :: Starting new HTTPS connection (1): testnet.binancefuture.com:443
2022-08-31 00:10:52,804 DEBUG :: https://testnet.binancefuture.com:443 "GET /fapi/v1/account?timestamp=1661915451294&signature=34fe47a521cdaca89ba4f5f3741ec3d8e6b0ee4007019d26dc7afa356ad34a0f HTTP/1.1" 200 None
2022-08-31 00:11:25,039 INFO :: Binance Futures Client Iniciado com sucesso
2022-08-31 00:11:25,102 DEBUG :: Starting new HTTPS connection (1): api.binance.com:443
2022-08-31 00:11:25,534 DEBUG :: https://api.binance.com:443 "GET /api/v1/time HTTP/1.1" 200 28
2022-08-31 00:11:25,539 DEBUG :: Starting new HTTPS connection (1): testnet.binancefuture.com:443
2022-08-31 00:11:26,619 DEBUG :: https://testnet.binancefuture.com:443 "GET /fapi/v1/account?timestamp=1661915484981&signature=0e7c6c4f0eedee10854c030408f43618616dfe44fc434cc213e9c3f5dc6a1f2c HTTP/1.1" 200 None
2022-08-31 00:11:26,632 DEBUG :: Starting new HTTPS connection (1): api.binance.com:443
2022-08-31 00:11:26,678 INFO :: Binance conexão aberta
2022-08-31 00:11:27,047 DEBUG :: https://api.binance.com:443 "GET /api/v1/time HTTP/1.1" 200 28
2022-08-31 00:11:27,049 DEBUG :: Starting new HTTPS connection (1): testnet.binancefuture.com:443
2022-08-31 00:11:28,011 DEBUG :: https://testnet.binancefuture.com:443 "GET /fapi/v1/account?timestamp=1661915486497&signature=f2c5d7efd397d962786b5c88630d59404bcd3d110c9592a39fec3a5114cd6074 HTTP/1.1" 200 None
2022-08-31 00:12:00,219 INFO :: Binance Futures Client Iniciado com sucesso
2022-08-31 00:12:00,280 DEBUG :: Starting new HTTPS connection (1): api.binance.com:443
2022-08-31 00:12:00,765 DEBUG :: https://api.binance.com:443 "GET /api/v1/time HTTP/1.1" 200 28
2022-08-31 00:12:00,775 DEBUG :: Starting new HTTPS connection (1): testnet.binancefuture.com:443
2022-08-31 00:12:01,789 DEBUG :: https://testnet.binancefuture.com:443 "GET /fapi/v1/account?timestamp=1661915520211&signature=30bc45a595515d1f327e120f5d119806a76b31c9ab235caf00b1ad04ce81c87b HTTP/1.1" 200 None
2022-08-31 00:12:01,794 DEBUG :: Starting new HTTPS connection (1): api.binance.com:443
2022-08-31 00:12:01,848 INFO :: Binance conexão aberta
2022-08-31 00:12:03,007 DEBUG :: https://api.binance.com:443 "GET /api/v1/time HTTP/1.1" 200 28
2022-08-31 00:12:03,009 DEBUG :: Starting new HTTPS connection (1): testnet.binancefuture.com:443
2022-08-31 00:12:03,990 DEBUG :: https://testnet.binancefuture.com:443 "GET /fapi/v1/account?timestamp=1661915522455&signature=dd163c3a962cbbd3f76e46ff39e4f10936ce1b64de25022669c9bdd1abfa398c HTTP/1.1" 200 None
2022-08-31 00:13:32,050 INFO :: Binance Futures Client Iniciado com sucesso
2022-08-31 00:13:32,107 DEBUG :: Starting new HTTPS connection (1): api.binance.com:443
2022-08-31 00:13:32,588 DEBUG :: https://api.binance.com:443 "GET /api/v1/time HTTP/1.1" 200 28
2022-08-31 00:13:32,591 DEBUG :: Starting new HTTPS connection (1): testnet.binancefuture.com:443
2022-08-31 00:13:33,640 DEBUG :: https://testnet.binancefuture.com:443 "GET /fapi/v1/account?timestamp=1661915612029&signature=a66dd9657d08d0671107a81db049c9fbe86d3ea6d084192df0737059f7128753 HTTP/1.1" 200 None
2022-08-31 00:13:33,676 INFO :: Binance conexão aberta
2022-08-31 00:14:38,844 INFO :: Binance Futures Client Iniciado com sucesso
2022-08-31 00:14:38,904 DEBUG :: Starting new HTTPS connection (1): api.binance.com:443
2022-08-31 00:14:39,369 DEBUG :: https://api.binance.com:443 "GET /api/v1/time HTTP/1.1" 200 28
2022-08-31 00:14:39,371 DEBUG :: Starting new HTTPS connection (1): testnet.binancefuture.com:443
2022-08-31 00:14:40,397 DEBUG :: https://testnet.binancefuture.com:443 "GET /fapi/v1/account?timestamp=1661915678806&signature=c6c19882b4fe1a39c147b96fe2d8e75c070544a068f58b5975c78218babbf432 HTTP/1.1" 200 None
2022-08-31 00:14:40,463 INFO :: Binance conexão aberta
2022-08-31 00:15:02,856 INFO :: Binance Futures Client Iniciado com sucesso
2022-08-31 00:15:02,916 DEBUG :: Starting new HTTPS connection (1): api.binance.com:443
2022-08-31 00:15:03,334 DEBUG :: https://api.binance.com:443 "GET /api/v1/time HTTP/1.1" 200 28
2022-08-31 00:15:03,336 DEBUG :: Starting new HTTPS connection (1): testnet.binancefuture.com:443
2022-08-31 00:15:04,324 DEBUG :: https://testnet.binancefuture.com:443 "GET /fapi/v1/account?timestamp=1661915702768&signature=8f7123bfbfaeed38aef70cb2bd413810d39680a67e9e886b35d56ee0f113acc7 HTTP/1.1" 200 None
2022-08-31 00:15:04,492 INFO :: Binance conexão aberta
2022-08-31 00:15:21,029 INFO :: Binance Futures Client Iniciado com sucesso
2022-08-31 00:15:21,088 DEBUG :: Starting new HTTPS connection (1): api.binance.com:443
2022-08-31 00:15:21,526 DEBUG :: https://api.binance.com:443 "GET /api/v1/time HTTP/1.1" 200 28
2022-08-31 00:15:21,529 DEBUG :: Starting new HTTPS connection (1): testnet.binancefuture.com:443
2022-08-31 00:15:22,533 DEBUG :: https://testnet.binancefuture.com:443 "GET /fapi/v1/account?timestamp=1661915720958&signature=1dc6cd467f795559eec3c03ab8117c4819fa4b3a3b797e0908ffae42d895ae02 HTTP/1.1" 200 None
2022-08-31 00:15:22,660 INFO :: Binance conexão aberta
2022-08-31 00:15:37,626 INFO :: Binance Futures Client Iniciado com sucesso
2022-08-31 00:15:37,686 DEBUG :: Starting new HTTPS connection (1): api.binance.com:443
2022-08-31 00:15:38,119 DEBUG :: https://api.binance.com:443 "GET /api/v1/time HTTP/1.1" 200 28
2022-08-31 00:15:38,122 DEBUG :: Starting new HTTPS connection (1): testnet.binancefuture.com:443
2022-08-31 00:15:39,098 DEBUG :: https://testnet.binancefuture.com:443 "GET /fapi/v1/account?timestamp=1661915737552&signature=86ebe4c1935200c19eec73a1f706bc2658ffc08b2125c1d547bd3c68a1bc5247 HTTP/1.1" 200 None
2022-08-31 00:15:39,263 INFO :: Binance conexão aberta
2022-08-31 00:16:40,618 INFO :: Binance Futures Client Iniciado com sucesso
2022-08-31 00:16:40,676 DEBUG :: Starting new HTTPS connection (1): api.binance.com:443
2022-08-31 00:16:41,149 DEBUG :: https://api.binance.com:443 "GET /api/v1/time HTTP/1.1" 200 28
2022-08-31 00:16:41,158 DEBUG :: Starting new HTTPS connection (1): testnet.binancefuture.com:443
2022-08-31 00:16:42,238 DEBUG :: https://testnet.binancefuture.com:443 "GET /fapi/v1/account?timestamp=1661915800578&signature=149fef9c941194cc5e02973d30ec32b53f0a440ac816c816eaf3a8af58f94ad8 HTTP/1.1" 200 None
2022-08-31 00:16:42,244 DEBUG :: Starting new HTTPS connection (1): api.binance.com:443
2022-08-31 00:16:42,273 INFO :: Binance conexão aberta
2022-08-31 00:16:42,665 DEBUG :: https://api.binance.com:443 "GET /api/v1/time HTTP/1.1" 200 28
2022-08-31 00:16:42,668 DEBUG :: Starting new HTTPS connection (1): testnet.binancefuture.com:443
2022-08-31 00:16:43,662 DEBUG :: https://testnet.binancefuture.com:443 "GET /fapi/v1/account?timestamp=1661915802092&signature=2a7ae926abe974744e6802699adf1a8f606ebee07915365e858b50e839e0a8b0 HTTP/1.1" 200 None
2022-08-31 00:17:32,020 INFO :: Binance Futures Client Iniciado com sucesso
2022-08-31 00:17:32,081 DEBUG :: Starting new HTTPS connection (1): api.binance.com:443
2022-08-31 00:17:32,531 DEBUG :: https://api.binance.com:443 "GET /api/v1/time HTTP/1.1" 200 28
2022-08-31 00:17:32,533 DEBUG :: Starting new HTTPS connection (1): testnet.binancefuture.com:443
2022-08-31 00:17:33,522 DEBUG :: https://testnet.binancefuture.com:443 "GET /fapi/v1/account?timestamp=1661915851955&signature=3720fdf1c3f386ca26fce80313c6482b7bb56a054fa345ae1b698e8baac1be57 HTTP/1.1" 200 None
2022-08-31 00:17:33,529 DEBUG :: Starting new HTTPS connection (1): api.binance.com:443
2022-08-31 00:17:33,656 INFO :: Binance conexão aberta
2022-08-31 00:17:33,954 DEBUG :: https://api.binance.com:443 "GET /api/v1/time HTTP/1.1" 200 28
2022-08-31 00:17:33,962 DEBUG :: Starting new HTTPS connection (1): testnet.binancefuture.com:443
2022-08-31 00:17:34,978 DEBUG :: https://testnet.binancefuture.com:443 "GET /fapi/v1/account?timestamp=1661915853379&signature=de3debdd2726854bf7692eb3dff904f6fcc9cb4ff8349bbc7c14fe95696dfb0a HTTP/1.1" 200 None
2022-08-31 00:17:57,939 INFO :: Binance Futures Client Iniciado com sucesso
2022-08-31 00:17:57,999 DEBUG :: Starting new HTTPS connection (1): api.binance.com:443
2022-08-31 00:17:58,460 DEBUG :: https://api.binance.com:443 "GET /api/v1/time HTTP/1.1" 200 28
2022-08-31 00:17:58,462 DEBUG :: Starting new HTTPS connection (1): testnet.binancefuture.com:443
2022-08-31 00:17:59,500 DEBUG :: https://testnet.binancefuture.com:443 "GET /fapi/v1/account?timestamp=1661915877885&signature=6aaaf753f193ec6500a20d7dd47870e87da8bfc9fa79b10fe22940a94b809efa HTTP/1.1" 200 None
2022-08-31 00:17:59,503 DEBUG :: Starting new HTTPS connection (1): api.binance.com:443
2022-08-31 00:17:59,580 INFO :: Binance conexão aberta
2022-08-31 00:17:59,926 DEBUG :: https://api.binance.com:443 "GET /api/v1/time HTTP/1.1" 200 28
2022-08-31 00:17:59,928 DEBUG :: Starting new HTTPS connection (1): testnet.binancefuture.com:443
2022-08-31 00:18:00,897 DEBUG :: https://testnet.binancefuture.com:443 "GET /fapi/v1/account?timestamp=1661915879349&signature=b4f8360f91d38cfa53298ee97513fac263fbfcd051aa3ac3a104cfed6df943ab HTTP/1.1" 200 None
2022-08-31 00:18:22,409 INFO :: Binance Futures Client Iniciado com sucesso
2022-08-31 00:18:22,469 DEBUG :: Starting new HTTPS connection (1): api.binance.com:443
2022-08-31 00:18:22,913 DEBUG :: https://api.binance.com:443 "GET /api/v1/time HTTP/1.1" 200 28
2022-08-31 00:18:22,915 DEBUG :: Starting new HTTPS connection (1): testnet.binancefuture.com:443
2022-08-31 00:18:23,907 DEBUG :: https://testnet.binancefuture.com:443 "GET /fapi/v1/account?timestamp=1661915902336&signature=ce30facdef079e072a9ba1b0630cb29990d46d77704aacf71abf258d71af5f4c HTTP/1.1" 200 None
2022-08-31 00:18:23,910 DEBUG :: Starting new HTTPS connection (1): api.binance.com:443
2022-08-31 00:18:24,023 INFO :: Binance conexão aberta
2022-08-31 00:18:24,327 DEBUG :: https://api.binance.com:443 "GET /api/v1/time HTTP/1.1" 200 28
2022-08-31 00:18:24,328 DEBUG :: Starting new HTTPS connection (1): testnet.binancefuture.com:443
2022-08-31 00:18:25,386 DEBUG :: https://testnet.binancefuture.com:443 "GET /fapi/v1/account?timestamp=1661915903750&signature=941351bf206d3b66fc7db249133b5eba88398391aee9b1e7d09ac0d5bd572543 HTTP/1.1" 200 None
2022-08-31 00:19:04,987 INFO :: Binance Futures Client Iniciado com sucesso
2022-08-31 00:19:05,048 DEBUG :: Starting new HTTPS connection (1): api.binance.com:443
2022-08-31 00:19:05,514 DEBUG :: https://api.binance.com:443 "GET /api/v1/time HTTP/1.1" 200 28
2022-08-31 00:19:05,524 DEBUG :: Starting new HTTPS connection (1): testnet.binancefuture.com:443
2022-08-31 00:19:06,532 DEBUG :: https://testnet.binancefuture.com:443 "GET /fapi/v1/account?timestamp=1661915944931&signature=2485d232f58869104e8b3579a1bd6990efe4ef81ec0dded3a0156e6e5e7698d3 HTTP/1.1" 200 None
2022-08-31 00:19:06,535 DEBUG :: Starting new HTTPS connection (1): api.binance.com:443
2022-08-31 00:19:06,622 INFO :: Binance conexão aberta
2022-08-31 00:19:06,951 DEBUG :: https://api.binance.com:443 "GET /api/v1/time HTTP/1.1" 200 28
2022-08-31 00:19:06,957 DEBUG :: Starting new HTTPS connection (1): testnet.binancefuture.com:443
2022-08-31 00:19:07,992 DEBUG :: https://testnet.binancefuture.com:443 "GET /fapi/v1/account?timestamp=1661915946373&signature=61821106e48204ad56723991974ed8bc43ec6ae136e115fef1f883b17e395c20 HTTP/1.1" 200 None
2022-08-31 00:20:03,344 INFO :: Binance Futures Client Iniciado com sucesso
2022-08-31 00:20:03,401 DEBUG :: Starting new HTTPS connection (1): api.binance.com:443
2022-08-31 00:20:03,862 DEBUG :: https://api.binance.com:443 "GET /api/v1/time HTTP/1.1" 200 28
2022-08-31 00:20:03,865 DEBUG :: Starting new HTTPS connection (1): testnet.binancefuture.com:443
2022-08-31 00:20:04,853 DEBUG :: https://testnet.binancefuture.com:443 "GET /fapi/v1/account?timestamp=1661916003281&signature=11ab5163cae2695335ea3c506429e1bc46ff6be6f4c1093aa79678d707d77331 HTTP/1.1" 200 None
2022-08-31 00:20:04,866 DEBUG :: Starting new HTTPS connection (1): api.binance.com:443
2022-08-31 00:20:04,973 INFO :: Binance conexão aberta
2022-08-31 00:20:05,300 DEBUG :: https://api.binance.com:443 "GET /api/v1/time HTTP/1.1" 200 28
2022-08-31 00:20:05,302 DEBUG :: Starting new HTTPS connection (1): testnet.binancefuture.com:443
2022-08-31 00:20:06,341 DEBUG :: https://testnet.binancefuture.com:443 "GET /fapi/v1/account?timestamp=1661916004716&signature=2f19dfef3b0eb65ea9d1d4550f68baa42e615f9b72799d2cd72ad599dd58b3b1 HTTP/1.1" 200 None
2022-08-31 00:20:31,068 INFO :: Binance Futures Client Iniciado com sucesso
2022-08-31 00:20:31,134 DEBUG :: Starting new HTTPS connection (1): api.binance.com:443
2022-08-31 00:20:31,581 DEBUG :: https://api.binance.com:443 "GET /api/v1/time HTTP/1.1" 200 28
2022-08-31 00:20:31,584 DEBUG :: Starting new HTTPS connection (1): testnet.binancefuture.com:443
2022-08-31 00:20:32,540 DEBUG :: https://testnet.binancefuture.com:443 "GET /fapi/v1/account?timestamp=1661916030996&signature=e9352c55df315b197e0165ea435db72e722b2fdc281abff1ccc8e2ccd266ab58 HTTP/1.1" 200 None
2022-08-31 00:20:32,553 DEBUG :: Starting new HTTPS connection (1): api.binance.com:443
2022-08-31 00:20:32,708 INFO :: Binance conexão aberta
2022-08-31 00:20:32,968 DEBUG :: https://api.binance.com:443 "GET /api/v1/time HTTP/1.1" 200 28
2022-08-31 00:20:32,970 DEBUG :: Starting new HTTPS connection (1): testnet.binancefuture.com:443
2022-08-31 00:20:33,980 DEBUG :: https://testnet.binancefuture.com:443 "GET /fapi/v1/account?timestamp=1661916032385&signature=433838e0b07ccae5c2924e94ba01ab2d795049bcc2757b9847980e5df885cd3f HTTP/1.1" 200 None
2022-08-31 00:23:01,306 INFO :: Binance Futures Client Iniciado com sucesso
2022-08-31 00:23:01,370 DEBUG :: Starting new HTTPS connection (1): api.binance.com:443
2022-08-31 00:23:01,855 DEBUG :: https://api.binance.com:443 "GET /api/v1/time HTTP/1.1" 200 28
2022-08-31 00:23:01,865 DEBUG :: Starting new HTTPS connection (1): testnet.binancefuture.com:443
2022-08-31 00:23:02,936 INFO :: Binance conexão aberta
2022-08-31 00:23:02,940 DEBUG :: https://testnet.binancefuture.com:443 "GET /fapi/v1/account?timestamp=1661916181259&signature=eb8767e9a084dc1c8b09a3a91adc505784ebc0772cf74042f33d2c09b7f3de6e HTTP/1.1" 200 None
2022-08-31 00:23:02,945 DEBUG :: Starting new HTTPS connection (1): api.binance.com:443
2022-08-31 00:23:03,357 DEBUG :: https://api.binance.com:443 "GET /api/v1/time HTTP/1.1" 200 28
2022-08-31 00:23:03,364 DEBUG :: Starting new HTTPS connection (1): testnet.binancefuture.com:443
2022-08-31 00:23:04,367 DEBUG :: https://testnet.binancefuture.com:443 "GET /fapi/v1/account?timestamp=1661916182764&signature=7167411455cb39eb9c6f32854c9425cc562c1f7ebe8026ea8c572aed01318c5a HTTP/1.1" 200 None
2022-08-31 00:24:21,235 INFO :: Binance Futures Client Iniciado com sucesso
2022-08-31 00:24:21,298 DEBUG :: Starting new HTTPS connection (1): api.binance.com:443
2022-08-31 00:24:21,790 DEBUG :: https://api.binance.com:443 "GET /api/v1/time HTTP/1.1" 200 28
2022-08-31 00:24:21,800 DEBUG :: Starting new HTTPS connection (1): testnet.binancefuture.com:443
2022-08-31 00:24:22,851 DEBUG :: https://testnet.binancefuture.com:443 "GET /fapi/v1/account?timestamp=1661916261190&signature=2620c58a4623cb777bb33d16a0cb564703894c4554af4865757ace5096de8228 HTTP/1.1" 200 None
2022-08-31 00:24:22,867 DEBUG :: Starting new HTTPS connection (1): api.binance.com:443
2022-08-31 00:24:22,866 INFO :: Binance conexão aberta
2022-08-31 00:24:23,282 DEBUG :: https://api.binance.com:443 "GET /api/v1/time HTTP/1.1" 200 28
2022-08-31 00:24:23,284 DEBUG :: Starting new HTTPS connection (1): testnet.binancefuture.com:443
2022-08-31 00:24:24,263 DEBUG :: https://testnet.binancefuture.com:443 "GET /fapi/v1/account?timestamp=1661916262682&signature=3d62a6456db6621ec5c37c714c5a3d01335b1be7be9422e991a5facc0e0fccb9 HTTP/1.1" 200 None
2022-08-31 00:25:08,194 INFO :: Binance Futures Client Iniciado com sucesso
2022-08-31 00:25:08,253 DEBUG :: Starting new HTTPS connection (1): api.binance.com:443
2022-08-31 00:25:08,668 DEBUG :: https://api.binance.com:443 "GET /api/v1/time HTTP/1.1" 200 28
2022-08-31 00:25:08,670 DEBUG :: Starting new HTTPS connection (1): testnet.binancefuture.com:443
2022-08-31 00:25:09,655 DEBUG :: https://testnet.binancefuture.com:443 "GET /fapi/v1/account?timestamp=1661916308066&signature=4d72af2028414db6a52e5c1ed84a26ac96f893df9807078f3953813a0675e97a HTTP/1.1" 200 None
2022-08-31 00:25:09,661 DEBUG :: Starting new HTTPS connection (1): api.binance.com:443
2022-08-31 00:25:09,811 INFO :: Binance conexão aberta
2022-08-31 00:25:10,080 DEBUG :: https://api.binance.com:443 "GET /api/v1/time HTTP/1.1" 200 28
2022-08-31 00:25:10,083 DEBUG :: Starting new HTTPS connection (1): testnet.binancefuture.com:443
2022-08-31 00:25:11,077 DEBUG :: https://testnet.binancefuture.com:443 "GET /fapi/v1/account?timestamp=1661916309478&signature=ca311a494b654064e75db89d199781fecd7d6dc4045e5c287a3dbb0e26d36f65 HTTP/1.1" 200 None
2022-08-31 00:25:34,155 INFO :: Binance Futures Client Iniciado com sucesso
2022-08-31 00:25:34,213 DEBUG :: Starting new HTTPS connection (1): api.binance.com:443
2022-08-31 00:25:34,683 DEBUG :: https://api.binance.com:443 "GET /api/v1/time HTTP/1.1" 200 28
2022-08-31 00:25:34,686 DEBUG :: Starting new HTTPS connection (1): testnet.binancefuture.com:443
2022-08-31 00:25:35,776 INFO :: Binance conexão aberta
2022-08-31 00:25:35,811 DEBUG :: https://testnet.binancefuture.com:443 "GET /fapi/v1/account?timestamp=1661916334078&signature=87e2ee0f93f4b0865ab70b89a4f4310624ec3ebd07bdf590a8869b03cde75668 HTTP/1.1" 200 None
2022-08-31 00:25:35,815 DEBUG :: Starting new HTTPS connection (1): api.binance.com:443
2022-08-31 00:25:36,229 DEBUG :: https://api.binance.com:443 "GET /api/v1/time HTTP/1.1" 200 28
2022-08-31 00:25:36,235 DEBUG :: Starting new HTTPS connection (1): testnet.binancefuture.com:443
2022-08-31 00:25:37,237 DEBUG :: https://testnet.binancefuture.com:443 "GET /fapi/v1/account?timestamp=1661916335627&signature=4eaab9eb9a639d5fa080780bc6071de6172f7bae01a71bca1f813a73b12d619e HTTP/1.1" 200 None
2022-08-31 00:25:47,239 INFO :: Binance Futures Client Iniciado com sucesso
2022-08-31 00:25:47,298 DEBUG :: Starting new HTTPS connection (1): api.binance.com:443
2022-08-31 00:25:47,735 DEBUG :: https://api.binance.com:443 "GET /api/v1/time HTTP/1.1" 200 28
2022-08-31 00:25:47,738 DEBUG :: Starting new HTTPS connection (1): testnet.binancefuture.com:443
2022-08-31 00:25:48,734 DEBUG :: https://testnet.binancefuture.com:443 "GET /fapi/v1/account?timestamp=1661916347131&signature=1519ccada34b346c162cac1978d02bda3477ea10be1265451c538918bc071c7c HTTP/1.1" 200 None
2022-08-31 00:25:48,737 DEBUG :: Starting new HTTPS connection (1): api.binance.com:443
2022-08-31 00:25:48,866 INFO :: Binance conexão aberta
2022-08-31 00:25:49,168 DEBUG :: https://api.binance.com:443 "GET /api/v1/time HTTP/1.1" 200 28
2022-08-31 00:25:49,178 DEBUG :: Starting new HTTPS connection (1): testnet.binancefuture.com:443
2022-08-31 00:25:49,617 DEBUG :: https://testnet.binancefuture.com:443 "GET /fapi/v1/account?timestamp=1661916348562&signature=13b2435c44378ccd24b2eaa4b7bd3f3784d3b611235611902ba3631c278aa6d3 HTTP/1.1" 200 None
2022-08-31 00:26:06,852 INFO :: Binance Futures Client Iniciado com sucesso
2022-08-31 00:26:06,913 DEBUG :: Starting new HTTPS connection (1): api.binance.com:443
2022-08-31 00:26:07,348 DEBUG :: https://api.binance.com:443 "GET /api/v1/time HTTP/1.1" 200 28
2022-08-31 00:26:07,352 DEBUG :: Starting new HTTPS connection (1): testnet.binancefuture.com:443
2022-08-31 00:26:08,312 DEBUG :: https://testnet.binancefuture.com:443 "GET /fapi/v1/account?timestamp=1661916366741&signature=a043bb8ddb9190ad78a759340b2a9d1b667f46f23ed829a8e8e7e55932b8a252 HTTP/1.1" 200 None
2022-08-31 00:26:08,325 DEBUG :: Starting new HTTPS connection (1): api.binance.com:443
2022-08-31 00:26:08,494 INFO :: Binance conexão aberta
2022-08-31 00:26:08,750 DEBUG :: https://api.binance.com:443 "GET /api/v1/time HTTP/1.1" 200 28
2022-08-31 00:26:08,755 DEBUG :: Starting new HTTPS connection (1): testnet.binancefuture.com:443
2022-08-31 00:26:09,725 DEBUG :: https://testnet.binancefuture.com:443 "GET /fapi/v1/account?timestamp=1661916368146&signature=c552c162a3d2fe33839b1acf4f357e2547ebd2ef987fafa2db8e6618ec50033d HTTP/1.1" 200 None
2022-08-31 00:26:26,459 INFO :: Binance Futures Client Iniciado com sucesso
2022-08-31 00:26:26,516 DEBUG :: Starting new HTTPS connection (1): api.binance.com:443
2022-08-31 00:26:26,955 DEBUG :: https://api.binance.com:443 "GET /api/v1/time HTTP/1.1" 200 28
2022-08-31 00:26:26,958 DEBUG :: Starting new HTTPS connection (1): testnet.binancefuture.com:443
2022-08-31 00:26:27,986 DEBUG :: https://testnet.binancefuture.com:443 "GET /fapi/v1/account?timestamp=1661916386348&signature=2e5ce12e3fd23ea462a3556e61b467261fa5b9e120c13a6bf1225be451fea094 HTTP/1.1" 200 None
2022-08-31 00:26:27,999 DEBUG :: Starting new HTTPS connection (1): api.binance.com:443
2022-08-31 00:26:28,080 INFO :: Binance conexão aberta
2022-08-31 00:26:28,413 DEBUG :: https://api.binance.com:443 "GET /api/v1/time HTTP/1.1" 200 28
2022-08-31 00:26:28,423 DEBUG :: Starting new HTTPS connection (1): testnet.binancefuture.com:443
2022-08-31 00:26:29,376 DEBUG :: https://testnet.binancefuture.com:443 "GET /fapi/v1/account?timestamp=1661916387809&signature=ab080d4d7c1b54a99b7b95c006d295a51e3f619d9d38bde059cbf84a2453f7f3 HTTP/1.1" 200 None
2022-08-31 00:26:42,010 INFO :: Binance Futures Client Iniciado com sucesso
2022-08-31 00:26:42,068 DEBUG :: Starting new HTTPS connection (1): api.binance.com:443
2022-08-31 00:26:42,533 DEBUG :: https://api.binance.com:443 "GET /api/v1/time HTTP/1.1" 200 28
2022-08-31 00:26:42,544 DEBUG :: Starting new HTTPS connection (1): testnet.binancefuture.com:443
2022-08-31 00:26:43,568 DEBUG :: https://testnet.binancefuture.com:443 "GET /fapi/v1/account?timestamp=1661916401924&signature=dfd8d5e4a5c8ae55058190eb25fc0e88d8c51f64cf3a5eb9d5796e0892bb359a HTTP/1.1" 200 None
2022-08-31 00:26:43,582 DEBUG :: Starting new HTTPS connection (1): api.binance.com:443
2022-08-31 00:26:43,633 INFO :: Binance conexão aberta
2022-08-31 00:26:44,000 DEBUG :: https://api.binance.com:443 "GET /api/v1/time HTTP/1.1" 200 28
2022-08-31 00:26:44,003 DEBUG :: Starting new HTTPS connection (1): testnet.binancefuture.com:443
2022-08-31 00:26:45,034 DEBUG :: https://testnet.binancefuture.com:443 "GET /fapi/v1/account?timestamp=1661916403392&signature=22e0c29f70c15a46939bde54d22868889fa7c022bc1c00cd9b905683203882a6 HTTP/1.1" 200 None
2022-08-31 00:27:01,715 INFO :: Binance Futures Client Iniciado com sucesso
2022-08-31 00:27:01,774 DEBUG :: Starting new HTTPS connection (1): api.binance.com:443
2022-08-31 00:27:02,208 DEBUG :: https://api.binance.com:443 "GET /api/v1/time HTTP/1.1" 200 28
2022-08-31 00:27:02,211 DEBUG :: Starting new HTTPS connection (1): testnet.binancefuture.com:443
2022-08-31 00:27:03,183 DEBUG :: https://testnet.binancefuture.com:443 "GET /fapi/v1/account?timestamp=1661916421598&signature=724a54c0e7bcedbe74c873c0a0603e29937f1d719d419eb63e1bbc48b8680b9a HTTP/1.1" 200 None
2022-08-31 00:27:03,186 DEBUG :: Starting new HTTPS connection (1): api.binance.com:443
2022-08-31 00:27:03,351 INFO :: Binance conexão aberta
2022-08-31 00:27:03,618 DEBUG :: https://api.binance.com:443 "GET /api/v1/time HTTP/1.1" 200 28
2022-08-31 00:27:03,620 DEBUG :: Starting new HTTPS connection (1): testnet.binancefuture.com:443
2022-08-31 00:27:04,581 DEBUG :: https://testnet.binancefuture.com:443 "GET /fapi/v1/account?timestamp=1661916423009&signature=0aff3245a3cbc22b9a487c678aada3ccd28753a17da92b852c7e8e813d429191 HTTP/1.1" 200 None
2022-08-31 00:27:15,259 INFO :: Binance Futures Client Iniciado com sucesso
2022-08-31 00:27:15,321 DEBUG :: Starting new HTTPS connection (1): api.binance.com:443
2022-08-31 00:27:15,748 DEBUG :: https://api.binance.com:443 "GET /api/v1/time HTTP/1.1" 200 28
2022-08-31 00:27:15,751 DEBUG :: Starting new HTTPS connection (1): testnet.binancefuture.com:443
2022-08-31 00:27:16,743 DEBUG :: https://testnet.binancefuture.com:443 "GET /fapi/v1/account?timestamp=1661916435138&signature=c2c3f460445646db6c5566f1edca0a856a9c0958291311c51f0e5e615bda2439 HTTP/1.1" 200 None
2022-08-31 00:27:16,749 DEBUG :: Starting new HTTPS connection (1): api.binance.com:443
2022-08-31 00:27:16,880 INFO :: Binance conexão aberta
2022-08-31 00:27:17,170 DEBUG :: https://api.binance.com:443 "GET /api/v1/time HTTP/1.1" 200 28
2022-08-31 00:27:17,176 DEBUG :: Starting new HTTPS connection (1): testnet.binancefuture.com:443
2022-08-31 00:27:18,122 DEBUG :: https://testnet.binancefuture.com:443 "GET /fapi/v1/account?timestamp=1661916436562&signature=58fcc8cfea14bb5f0f910c27e22451678bbf9f10bc1e766b4e04c6efdd90ef32 HTTP/1.1" 200 None
2022-08-31 00:27:32,215 INFO :: Binance Futures Client Iniciado com sucesso
2022-08-31 00:27:32,275 DEBUG :: Starting new HTTPS connection (1): api.binance.com:443
2022-08-31 00:27:32,706 DEBUG :: https://api.binance.com:443 "GET /api/v1/time HTTP/1.1" 200 28
2022-08-31 00:27:32,708 DEBUG :: Starting new HTTPS connection (1): testnet.binancefuture.com:443
2022-08-31 00:27:33,687 DEBUG :: https://testnet.binancefuture.com:443 "GET /fapi/v1/account?timestamp=1661916452096&signature=b5d4093a838941b87dadce853df36677ded9d187cf9be4248544452a4ba10951 HTTP/1.1" 200 None
2022-08-31 00:27:33,690 DEBUG :: Starting new HTTPS connection (1): api.binance.com:443
2022-08-31 00:27:33,846 INFO :: Binance conexão aberta
2022-08-31 00:27:34,104 DEBUG :: https://api.binance.com:443 "GET /api/v1/time HTTP/1.1" 200 28
2022-08-31 00:27:34,106 DEBUG :: Starting new HTTPS connection (1): testnet.binancefuture.com:443
2022-08-31 00:27:35,160 DEBUG :: https://testnet.binancefuture.com:443 "GET /fapi/v1/account?timestamp=1661916453493&signature=49a4f5a2cc7e334d3890a97e58d2dd1c7dfacbf4a387fbab3f7361da3b631f15 HTTP/1.1" 200 None
2022-08-31 00:27:58,569 INFO :: Binance Futures Client Iniciado com sucesso
2022-08-31 00:27:58,628 DEBUG :: Starting new HTTPS connection (1): api.binance.com:443
2022-08-31 00:27:59,100 DEBUG :: https://api.binance.com:443 "GET /api/v1/time HTTP/1.1" 200 28
2022-08-31 00:27:59,104 DEBUG :: Starting new HTTPS connection (1): testnet.binancefuture.com:443
2022-08-31 00:28:00,163 DEBUG :: https://testnet.binancefuture.com:443 "GET /fapi/v1/account?timestamp=1661916478487&signature=e6e444c5322cea77223c9c010898b3c9fe1e1ad23327131fc961474b76063728 HTTP/1.1" 200 None
2022-08-31 00:28:00,168 DEBUG :: Starting new HTTPS connection (1): api.binance.com:443
2022-08-31 00:28:00,194 INFO :: Binance conexão aberta
2022-08-31 00:28:01,374 DEBUG :: https://api.binance.com:443 "GET /api/v1/time HTTP/1.1" 200 28
2022-08-31 00:28:01,380 DEBUG :: Starting new HTTPS connection (1): testnet.binancefuture.com:443
2022-08-31 00:28:02,349 DEBUG :: https://testnet.binancefuture.com:443 "GET /fapi/v1/account?timestamp=1661916480764&signature=fed36c6312b75b87513dd63af1e8ff92ecd5cce489a42c6cd421ba996910d9fa HTTP/1.1" 200 None
2022-08-31 00:28:22,532 INFO :: Binance Futures Client Iniciado com sucesso
2022-08-31 00:28:22,590 DEBUG :: Starting new HTTPS connection (1): api.binance.com:443
2022-08-31 00:28:23,058 DEBUG :: https://api.binance.com:443 "GET /api/v1/time HTTP/1.1" 200 28
2022-08-31 00:28:23,068 DEBUG :: Starting new HTTPS connection (1): testnet.binancefuture.com:443
2022-08-31 00:28:24,038 DEBUG :: https://testnet.binancefuture.com:443 "GET /fapi/v1/account?timestamp=1661916502445&signature=530d2ddd4ecf13f5ccfa36966b268580b9ce5a1d17500a6097fc98c8804ddbb0 HTTP/1.1" 200 None
2022-08-31 00:28:24,041 DEBUG :: Starting new HTTPS connection (1): api.binance.com:443
2022-08-31 00:28:24,165 INFO :: Binance conexão aberta
2022-08-31 00:28:24,461 DEBUG :: https://api.binance.com:443 "GET /api/v1/time HTTP/1.1" 200 28
2022-08-31 00:28:24,472 DEBUG :: Starting new HTTPS connection (1): testnet.binancefuture.com:443
2022-08-31 00:28:25,438 DEBUG :: https://testnet.binancefuture.com:443 "GET /fapi/v1/account?timestamp=1661916503837&signature=4c7e6ac0e96e5c2271bf6ef30c57531fa88400b44cc775c40dab2c05402026e8 HTTP/1.1" 200 None
2022-08-31 00:36:41,665 INFO :: Binance Futures Client Iniciado com sucesso
2022-08-31 00:36:41,722 DEBUG :: Starting new HTTPS connection (1): api.binance.com:443
2022-08-31 00:36:42,183 DEBUG :: https://api.binance.com:443 "GET /api/v1/time HTTP/1.1" 200 28
2022-08-31 00:36:42,185 DEBUG :: Starting new HTTPS connection (1): testnet.binancefuture.com:443
2022-08-31 00:36:43,187 DEBUG :: https://testnet.binancefuture.com:443 "GET /fapi/v1/account?timestamp=1661917001538&signature=8cfefb0cabdc460bd84333541be019409b86fa9c926a63a7b680ccf41845422d HTTP/1.1" 200 None
2022-08-31 00:36:43,304 INFO :: Binance conexão aberta
2022-08-31 00:37:18,846 INFO :: Binance Futures Client Iniciado com sucesso
2022-08-31 00:37:20,486 INFO :: Binance conexão aberta
2022-08-31 00:37:43,599 INFO :: Binance Futures Client Iniciado com sucesso
2022-08-31 00:37:43,603 DEBUG :: Starting new HTTPS connection (1): api.binance.com:443
2022-08-31 00:37:44,100 DEBUG :: https://api.binance.com:443 "GET /api/v1/time HTTP/1.1" 200 28
2022-08-31 00:37:44,110 DEBUG :: Starting new HTTPS connection (1): testnet.binancefuture.com:443
2022-08-31 00:37:45,231 INFO :: Binance conexão aberta
2022-08-31 00:37:45,416 DEBUG :: https://testnet.binancefuture.com:443 "GET /fapi/v1/account?timestamp=1661917063452&signature=8065e10c4ff0afafab818c6683b62e19a748afc7068eefc2bfb662384c1b4255 HTTP/1.1" 200 None
2022-08-31 00:38:44,348 INFO :: Binance Futures Client Iniciado com sucesso
2022-08-31 00:38:45,995 INFO :: Binance conexão aberta
2022-08-31 00:39:05,051 INFO :: Binance Futures Client Iniciado com sucesso
2022-08-31 00:39:05,054 DEBUG :: Starting new HTTPS connection (1): api.binance.com:443
2022-08-31 00:39:05,538 DEBUG :: https://api.binance.com:443 "GET /api/v1/time HTTP/1.1" 200 28
2022-08-31 00:39:05,541 DEBUG :: Starting new HTTPS connection (1): testnet.binancefuture.com:443
2022-08-31 00:39:06,564 DEBUG :: https://testnet.binancefuture.com:443 "GET /fapi/v1/account?timestamp=1661917144885&signature=521b30547a6f920440bfcdd37a807ab22b946ac8008448d3747f63d5800e09d8 HTTP/1.1" 200 None
2022-08-31 00:39:06,628 INFO :: Binance conexão aberta
